[0.625s] Invoking command in '/home/ubuntu/test_ws/build/state': PYTHONPATH=/home/ubuntu/test_ws/build/state/prefix_override:/home/ubuntu/test_ws/install/state/lib/python3.10/site-packages:${PYTHONPATH} /usr/bin/python3 setup.py develop --editable --build-directory /home/ubuntu/test_ws/build/state/build --no-deps install_data
[0.838s] running develop
[0.838s] /usr/lib/python3/dist-packages/setuptools/command/easy_install.py:158: EasyInstallDeprecationWarning: easy_install command is deprecated. Use build and pip and other standards-based tools.
[0.838s]   warnings.warn(
[0.840s] /usr/lib/python3/dist-packages/setuptools/command/install.py:34: SetuptoolsDeprecationWarning: setup.py install is deprecated. Use build and pip and other standards-based tools.
[0.840s]   warnings.warn(
[0.964s] running egg_info
[0.964s] writing state.egg-info/PKG-INFO
[0.964s] writing dependency_links to state.egg-info/dependency_links.txt
[0.964s] writing entry points to state.egg-info/entry_points.txt
[0.964s] writing requirements to state.egg-info/requires.txt
[0.965s] writing top-level names to state.egg-info/top_level.txt
[0.967s] reading manifest file 'state.egg-info/SOURCES.txt'
[0.968s] writing manifest file 'state.egg-info/SOURCES.txt'
[0.970s] running build_ext
[0.970s] Creating /home/ubuntu/test_ws/install/state/lib/python3.10/site-packages/state.egg-link (link to .)
[0.971s] Installing state_machine2 script to /home/ubuntu/test_ws/install/state/lib/state
[0.971s] 
[0.971s] Installed /home/ubuntu/test_ws/build/state
[0.971s] running install_data
[0.994s] Invoked command in '/home/ubuntu/test_ws/build/state' returned '0': PYTHONPATH=/home/ubuntu/test_ws/build/state/prefix_override:/home/ubuntu/test_ws/install/state/lib/python3.10/site-packages:${PYTHONPATH} /usr/bin/python3 setup.py develop --editable --build-directory /home/ubuntu/test_ws/build/state/build --no-deps install_data
