[0.574s] Invoking command in '/home/ubuntu/test_ws/build/state': PYTHONPATH=/home/ubuntu/test_ws/build/state/prefix_override:/home/ubuntu/test_ws/install/state/lib/python3.10/site-packages:${PYTHONPATH} /usr/bin/python3 setup.py develop --editable --build-directory /home/ubuntu/test_ws/build/state/build --no-deps install_data
[0.743s] running develop
[0.744s] /usr/lib/python3/dist-packages/setuptools/command/easy_install.py:158: EasyInstallDeprecationWarning: easy_install command is deprecated. Use build and pip and other standards-based tools.
[0.744s]   warnings.warn(
[0.745s] /usr/lib/python3/dist-packages/setuptools/command/install.py:34: SetuptoolsDeprecationWarning: setup.py install is deprecated. Use build and pip and other standards-based tools.
[0.745s]   warnings.warn(
[0.863s] running egg_info
[0.864s] writing state.egg-info/PKG-INFO
[0.864s] writing dependency_links to state.egg-info/dependency_links.txt
[0.864s] writing entry points to state.egg-info/entry_points.txt
[0.864s] writing requirements to state.egg-info/requires.txt
[0.865s] writing top-level names to state.egg-info/top_level.txt
[0.865s] reading manifest file 'state.egg-info/SOURCES.txt'
[0.866s] writing manifest file 'state.egg-info/SOURCES.txt'
[0.867s] running build_ext
[0.867s] Creating /home/ubuntu/test_ws/install/state/lib/python3.10/site-packages/state.egg-link (link to .)
[0.868s] Installing state_machine2 script to /home/ubuntu/test_ws/install/state/lib/state
[0.868s] 
[0.868s] Installed /home/ubuntu/test_ws/build/state
[0.868s] running install_data
[0.906s] Invoked command in '/home/ubuntu/test_ws/build/state' returned '0': PYTHONPATH=/home/ubuntu/test_ws/build/state/prefix_override:/home/ubuntu/test_ws/install/state/lib/python3.10/site-packages:${PYTHONPATH} /usr/bin/python3 setup.py develop --editable --build-directory /home/ubuntu/test_ws/build/state/build --no-deps install_data
