[2.303s] Invoking command in '/home/ubuntu/test_ws/build/simple_service': PYTHONPATH=/home/ubuntu/test_ws/build/simple_service/prefix_override:/home/ubuntu/test_ws/install/simple_service/lib/python3.10/site-packages:${PYTHONPATH} /usr/bin/python3 setup.py develop --editable --build-directory /home/ubuntu/test_ws/build/simple_service/build --no-deps install_data
[2.849s] running develop
[2.851s] /usr/lib/python3/dist-packages/setuptools/command/easy_install.py:158: EasyInstallDeprecationWarning: easy_install command is deprecated. Use build and pip and other standards-based tools.
[2.851s]   warnings.warn(
[2.853s] /usr/lib/python3/dist-packages/setuptools/command/install.py:34: SetuptoolsDeprecationWarning: setup.py install is deprecated. Use build and pip and other standards-based tools.
[2.853s]   warnings.warn(
[3.206s] running egg_info
[3.207s] writing simple_service.egg-info/PKG-INFO
[3.208s] writing dependency_links to simple_service.egg-info/dependency_links.txt
[3.208s] writing entry points to simple_service.egg-info/entry_points.txt
[3.208s] writing requirements to simple_service.egg-info/requires.txt
[3.208s] writing top-level names to simple_service.egg-info/top_level.txt
[3.212s] reading manifest file 'simple_service.egg-info/SOURCES.txt'
[3.214s] writing manifest file 'simple_service.egg-info/SOURCES.txt'
[3.218s] running build_ext
[3.219s] Creating /home/ubuntu/test_ws/install/simple_service/lib/python3.10/site-packages/simple-service.egg-link (link to .)
[3.221s] Installing simple_client script to /home/ubuntu/test_ws/install/simple_service/lib/simple_service
[3.222s] Installing simple_server script to /home/ubuntu/test_ws/install/simple_service/lib/simple_service
[3.223s] 
[3.223s] Installed /home/ubuntu/test_ws/build/simple_service
[3.224s] running install_data
[3.342s] Invoked command in '/home/ubuntu/test_ws/build/simple_service' returned '0': PYTHONPATH=/home/ubuntu/test_ws/build/simple_service/prefix_override:/home/ubuntu/test_ws/install/simple_service/lib/python3.10/site-packages:${PYTHONPATH} /usr/bin/python3 setup.py develop --editable --build-directory /home/ubuntu/test_ws/build/simple_service/build --no-deps install_data
