[2.216s] Invoking command in '/home/ubuntu/test_ws/build/original_server': PYTHONPATH=/home/ubuntu/test_ws/build/original_server/prefix_override:/home/ubuntu/test_ws/install/original_server/lib/python3.10/site-packages:${PYTHONPATH} /usr/bin/python3 setup.py develop --editable --build-directory /home/ubuntu/test_ws/build/original_server/build --no-deps install_data
[2.740s] running develop
[2.741s] /usr/lib/python3/dist-packages/setuptools/command/easy_install.py:158: EasyInstallDeprecationWarning: easy_install command is deprecated. Use build and pip and other standards-based tools.
[2.741s]   warnings.warn(
[2.743s] /usr/lib/python3/dist-packages/setuptools/command/install.py:34: SetuptoolsDeprecationWarning: setup.py install is deprecated. Use build and pip and other standards-based tools.
[2.743s]   warnings.warn(
[3.104s] running egg_info
[3.104s] writing original_server.egg-info/PKG-INFO
[3.105s] writing dependency_links to original_server.egg-info/dependency_links.txt
[3.105s] writing entry points to original_server.egg-info/entry_points.txt
[3.106s] writing requirements to original_server.egg-info/requires.txt
[3.106s] writing top-level names to original_server.egg-info/top_level.txt
[3.111s] reading manifest file 'original_server.egg-info/SOURCES.txt'
[3.113s] writing manifest file 'original_server.egg-info/SOURCES.txt'
[3.119s] running build_ext
[3.119s] Creating /home/ubuntu/test_ws/install/original_server/lib/python3.10/site-packages/original-server.egg-link (link to .)
[3.120s] Installing service script to /home/ubuntu/test_ws/install/original_server/lib/original_server
[3.121s] Installing simple_client script to /home/ubuntu/test_ws/install/original_server/lib/original_server
[3.121s] Installing simple_server script to /home/ubuntu/test_ws/install/original_server/lib/original_server
[3.122s] 
[3.122s] Installed /home/ubuntu/test_ws/build/original_server
[3.122s] running install_data
[3.182s] Invoked command in '/home/ubuntu/test_ws/build/original_server' returned '0': PYTHONPATH=/home/ubuntu/test_ws/build/original_server/prefix_override:/home/ubuntu/test_ws/install/original_server/lib/python3.10/site-packages:${PYTHONPATH} /usr/bin/python3 setup.py develop --editable --build-directory /home/ubuntu/test_ws/build/original_server/build --no-deps install_data
