[0.681s] Invoking command in '/home/ubuntu/test_ws/build/state': PYTHONPATH=/home/ubuntu/test_ws/build/state/prefix_override:/home/ubuntu/test_ws/install/state/lib/python3.10/site-packages:${PYTHONPATH} /usr/bin/python3 setup.py develop --editable --build-directory /home/ubuntu/test_ws/build/state/build --no-deps install_data
[0.898s] running develop
[0.898s] /usr/lib/python3/dist-packages/setuptools/command/easy_install.py:158: EasyInstallDeprecationWarning: easy_install command is deprecated. Use build and pip and other standards-based tools.
[0.898s]   warnings.warn(
[0.899s] /usr/lib/python3/dist-packages/setuptools/command/install.py:34: SetuptoolsDeprecationWarning: setup.py install is deprecated. Use build and pip and other standards-based tools.
[0.899s]   warnings.warn(
[1.018s] running egg_info
[1.019s] writing state.egg-info/PKG-INFO
[1.019s] writing dependency_links to state.egg-info/dependency_links.txt
[1.019s] writing entry points to state.egg-info/entry_points.txt
[1.019s] writing requirements to state.egg-info/requires.txt
[1.019s] writing top-level names to state.egg-info/top_level.txt
[1.020s] reading manifest file 'state.egg-info/SOURCES.txt'
[1.021s] writing manifest file 'state.egg-info/SOURCES.txt'
[1.022s] running build_ext
[1.022s] Creating /home/ubuntu/test_ws/install/state/lib/python3.10/site-packages/state.egg-link (link to .)
[1.023s] Installing state_machine2 script to /home/ubuntu/test_ws/install/state/lib/state
[1.024s] 
[1.024s] Installed /home/ubuntu/test_ws/build/state
[1.024s] running install_data
[1.070s] Invoked command in '/home/ubuntu/test_ws/build/state' returned '0': PYTHONPATH=/home/ubuntu/test_ws/build/state/prefix_override:/home/ubuntu/test_ws/install/state/lib/python3.10/site-packages:${PYTHONPATH} /usr/bin/python3 setup.py develop --editable --build-directory /home/ubuntu/test_ws/build/state/build --no-deps install_data
