running develop
running egg_info
creating original_server.egg-info
writing original_server.egg-info/PKG-INFO
writing dependency_links to original_server.egg-info/dependency_links.txt
writing entry points to original_server.egg-info/entry_points.txt
writing requirements to original_server.egg-info/requires.txt
writing top-level names to original_server.egg-info/top_level.txt
writing manifest file 'original_server.egg-info/SOURCES.txt'
reading manifest file 'original_server.egg-info/SOURCES.txt'
writing manifest file 'original_server.egg-info/SOURCES.txt'
running build_ext
Creating /home/ubuntu/test_ws/install/original_server/lib/python3.10/site-packages/original-server.egg-link (link to .)
Installing simple_server script to /home/ubuntu/test_ws/install/original_server/lib/original_server

Installed /home/ubuntu/test_ws/build/original_server
running install_data
creating /home/ubuntu/test_ws/install/original_server/share/ament_index
creating /home/ubuntu/test_ws/install/original_server/share/ament_index/resource_index
creating /home/ubuntu/test_ws/install/original_server/share/ament_index/resource_index/packages
copying resource/original_server -> /home/ubuntu/test_ws/install/original_server/share/ament_index/resource_index/packages
copying package.xml -> /home/ubuntu/test_ws/install/original_server/share/original_server
