[1.542s] Invoking command in '/home/ubuntu/test_ws/build/state': PYTHONPATH=/home/ubuntu/test_ws/build/state/prefix_override:/home/ubuntu/test_ws/install/state/lib/python3.10/site-packages:${PYTHONPATH} /usr/bin/python3 setup.py develop --editable --build-directory /home/ubuntu/test_ws/build/state/build --no-deps install_data
[2.007s] running develop
[2.008s] /usr/lib/python3/dist-packages/setuptools/command/easy_install.py:158: EasyInstallDeprecationWarning: easy_install command is deprecated. Use build and pip and other standards-based tools.
[2.008s]   warnings.warn(
[2.011s] /usr/lib/python3/dist-packages/setuptools/command/install.py:34: SetuptoolsDeprecationWarning: setup.py install is deprecated. Use build and pip and other standards-based tools.
[2.012s]   warnings.warn(
[2.344s] running egg_info
[2.344s] writing state.egg-info/PKG-INFO
[2.345s] writing dependency_links to state.egg-info/dependency_links.txt
[2.345s] writing entry points to state.egg-info/entry_points.txt
[2.345s] writing requirements to state.egg-info/requires.txt
[2.346s] writing top-level names to state.egg-info/top_level.txt
[2.350s] reading manifest file 'state.egg-info/SOURCES.txt'
[2.353s] writing manifest file 'state.egg-info/SOURCES.txt'
[2.357s] running build_ext
[2.357s] Creating /home/ubuntu/test_ws/install/state/lib/python3.10/site-packages/state.egg-link (link to .)
[2.359s] Installing state_machine2 script to /home/ubuntu/test_ws/install/state/lib/state
[2.360s] 
[2.360s] Installed /home/ubuntu/test_ws/build/state
[2.361s] running install_data
[2.411s] Invoked command in '/home/ubuntu/test_ws/build/state' returned '0': PYTHONPATH=/home/ubuntu/test_ws/build/state/prefix_override:/home/ubuntu/test_ws/install/state/lib/python3.10/site-packages:${PYTHONPATH} /usr/bin/python3 setup.py develop --editable --build-directory /home/ubuntu/test_ws/build/state/build --no-deps install_data
