[2.208s] Invoking command in '/home/ubuntu/test_ws/build/simple_service': PYTHONPATH=/home/ubuntu/test_ws/build/simple_service/prefix_override:/home/ubuntu/test_ws/install/simple_service/lib/python3.10/site-packages:${PYTHONPATH} /usr/bin/python3 setup.py develop --editable --build-directory /home/ubuntu/test_ws/build/simple_service/build --no-deps install_data
[2.740s] running develop
[2.740s] /usr/lib/python3/dist-packages/setuptools/command/easy_install.py:158: EasyInstallDeprecationWarning: easy_install command is deprecated. Use build and pip and other standards-based tools.
[2.741s]   warnings.warn(
[2.744s] /usr/lib/python3/dist-packages/setuptools/command/install.py:34: SetuptoolsDeprecationWarning: setup.py install is deprecated. Use build and pip and other standards-based tools.
[2.744s]   warnings.warn(
[3.090s] running egg_info
[3.091s] writing simple_service.egg-info/PKG-INFO
[3.092s] writing dependency_links to simple_service.egg-info/dependency_links.txt
[3.093s] writing entry points to simple_service.egg-info/entry_points.txt
[3.093s] writing requirements to simple_service.egg-info/requires.txt
[3.094s] writing top-level names to simple_service.egg-info/top_level.txt
[3.099s] reading manifest file 'simple_service.egg-info/SOURCES.txt'
[3.101s] writing manifest file 'simple_service.egg-info/SOURCES.txt'
[3.103s] running build_ext
[3.104s] Creating /home/ubuntu/test_ws/install/simple_service/lib/python3.10/site-packages/simple-service.egg-link (link to .)
[3.106s] Installing simple_client script to /home/ubuntu/test_ws/install/simple_service/lib/simple_service
[3.107s] Installing simple_server script to /home/ubuntu/test_ws/install/simple_service/lib/simple_service
[3.108s] 
[3.108s] Installed /home/ubuntu/test_ws/build/simple_service
[3.109s] running install_data
[3.163s] Invoked command in '/home/ubuntu/test_ws/build/simple_service' returned '0': PYTHONPATH=/home/ubuntu/test_ws/build/simple_service/prefix_override:/home/ubuntu/test_ws/install/simple_service/lib/python3.10/site-packages:${PYTHONPATH} /usr/bin/python3 setup.py develop --editable --build-directory /home/ubuntu/test_ws/build/simple_service/build --no-deps install_data
