[0.210s] DEBUG:colcon:Command line arguments: ['/usr/bin/colcon', 'build']
[0.211s] DEBUG:colcon:Parsed command line arguments: Namespace(log_base=None, log_level=None, verb_name='build', build_base='build', install_base='install', merge_install=False, symlink_install=False, test_result_base=None, continue_on_error=False, executor='parallel', parallel_workers=8, event_handlers=None, ignore_user_meta=False, metas=['./colcon.meta'], base_paths=['.'], packages_ignore=None, packages_ignore_regex=None, paths=None, packages_up_to=None, packages_up_to_regex=None, packages_above=None, packages_above_and_dependencies=None, packages_above_depth=None, packages_select_by_dep=None, packages_skip_by_dep=None, packages_skip_up_to=None, packages_select_build_failed=False, packages_skip_build_finished=False, packages_select_test_failures=False, packages_skip_test_passed=False, packages_select=None, packages_skip=None, packages_select_regex=None, packages_skip_regex=None, packages_start=None, packages_end=None, allow_overriding=[], cmake_args=None, cmake_target=None, cmake_target_skip_unavailable=False, cmake_clean_cache=False, cmake_clean_first=False, cmake_force_configure=False, ament_cmake_args=None, catkin_cmake_args=None, catkin_skip_building_tests=False, verb_parser=<colcon_defaults.argument_parser.defaults.DefaultArgumentsDecorator object at 0x7efd339cf1f0>, verb_extension=<colcon_core.verb.build.BuildVerb object at 0x7efd3415b160>, main=<bound method BuildVerb.main of <colcon_core.verb.build.BuildVerb object at 0x7efd3415b160>>)
[0.233s] Level 1:colcon.colcon_core.package_discovery:discover_packages(colcon_meta) check parameters
[0.233s] Level 1:colcon.colcon_core.package_discovery:discover_packages(recursive) check parameters
[0.233s] Level 1:colcon.colcon_core.package_discovery:discover_packages(ignore) check parameters
[0.233s] Level 1:colcon.colcon_core.package_discovery:discover_packages(path) check parameters
[0.233s] Level 1:colcon.colcon_core.package_discovery:discover_packages(colcon_meta) discover
[0.233s] Level 1:colcon.colcon_core.package_discovery:discover_packages(recursive) discover
[0.233s] INFO:colcon.colcon_core.package_discovery:Crawling recursively for packages in '/home/ubuntu/test_ws'
[0.233s] Level 1:colcon.colcon_core.package_identification:_identify(.) by extensions ['ignore', 'ignore_ament_install']
[0.233s] Level 1:colcon.colcon_core.package_identification:_identify(.) by extension 'ignore'
[0.233s] Level 1:colcon.colcon_core.package_identification:_identify(.) by extension 'ignore_ament_install'
[0.233s] Level 1:colcon.colcon_core.package_identification:_identify(.) by extensions ['colcon_pkg']
[0.233s] Level 1:colcon.colcon_core.package_identification:_identify(.) by extension 'colcon_pkg'
[0.233s] Level 1:colcon.colcon_core.package_identification:_identify(.) by extensions ['colcon_meta']
[0.233s] Level 1:colcon.colcon_core.package_identification:_identify(.) by extension 'colcon_meta'
[0.233s] Level 1:colcon.colcon_core.package_identification:_identify(.) by extensions ['ros']
[0.233s] Level 1:colcon.colcon_core.package_identification:_identify(.) by extension 'ros'
[0.241s] Level 1:colcon.colcon_core.package_identification:_identify(.) by extensions ['cmake', 'python']
[0.242s] Level 1:colcon.colcon_core.package_identification:_identify(.) by extension 'cmake'
[0.242s] Level 1:colcon.colcon_core.package_identification:_identify(.) by extension 'python'
[0.242s] Level 1:colcon.colcon_core.package_identification:_identify(.) by extensions ['python_setup_py']
[0.242s] Level 1:colcon.colcon_core.package_identification:_identify(.) by extension 'python_setup_py'
[0.242s] Level 1:colcon.colcon_core.package_identification:_identify(build) by extensions ['ignore', 'ignore_ament_install']
[0.242s] Level 1:colcon.colcon_core.package_identification:_identify(build) by extension 'ignore'
[0.242s] Level 1:colcon.colcon_core.package_identification:_identify(build) ignored
[0.242s] Level 1:colcon.colcon_core.package_identification:_identify(install) by extensions ['ignore', 'ignore_ament_install']
[0.242s] Level 1:colcon.colcon_core.package_identification:_identify(install) by extension 'ignore'
[0.242s] Level 1:colcon.colcon_core.package_identification:_identify(install) ignored
[0.242s] Level 1:colcon.colcon_core.package_identification:_identify(log) by extensions ['ignore', 'ignore_ament_install']
[0.242s] Level 1:colcon.colcon_core.package_identification:_identify(log) by extension 'ignore'
[0.242s] Level 1:colcon.colcon_core.package_identification:_identify(log) ignored
[0.242s] Level 1:colcon.colcon_core.package_identification:_identify(src) by extensions ['ignore', 'ignore_ament_install']
[0.242s] Level 1:colcon.colcon_core.package_identification:_identify(src) by extension 'ignore'
[0.242s] Level 1:colcon.colcon_core.package_identification:_identify(src) by extension 'ignore_ament_install'
[0.242s] Level 1:colcon.colcon_core.package_identification:_identify(src) by extensions ['colcon_pkg']
[0.242s] Level 1:colcon.colcon_core.package_identification:_identify(src) by extension 'colcon_pkg'
[0.242s] Level 1:colcon.colcon_core.package_identification:_identify(src) by extensions ['colcon_meta']
[0.242s] Level 1:colcon.colcon_core.package_identification:_identify(src) by extension 'colcon_meta'
[0.242s] Level 1:colcon.colcon_core.package_identification:_identify(src) by extensions ['ros']
[0.242s] Level 1:colcon.colcon_core.package_identification:_identify(src) by extension 'ros'
[0.242s] Level 1:colcon.colcon_core.package_identification:_identify(src) by extensions ['cmake', 'python']
[0.243s] Level 1:colcon.colcon_core.package_identification:_identify(src) by extension 'cmake'
[0.243s] Level 1:colcon.colcon_core.package_identification:_identify(src) by extension 'python'
[0.243s] Level 1:colcon.colcon_core.package_identification:_identify(src) by extensions ['python_setup_py']
[0.243s] Level 1:colcon.colcon_core.package_identification:_identify(src) by extension 'python_setup_py'
[0.243s] Level 1:colcon.colcon_core.package_identification:_identify(src/state) by extensions ['ignore', 'ignore_ament_install']
[0.243s] Level 1:colcon.colcon_core.package_identification:_identify(src/state) by extension 'ignore'
[0.243s] Level 1:colcon.colcon_core.package_identification:_identify(src/state) by extension 'ignore_ament_install'
[0.243s] Level 1:colcon.colcon_core.package_identification:_identify(src/state) by extensions ['colcon_pkg']
[0.243s] Level 1:colcon.colcon_core.package_identification:_identify(src/state) by extension 'colcon_pkg'
[0.243s] Level 1:colcon.colcon_core.package_identification:_identify(src/state) by extensions ['colcon_meta']
[0.243s] Level 1:colcon.colcon_core.package_identification:_identify(src/state) by extension 'colcon_meta'
[0.243s] Level 1:colcon.colcon_core.package_identification:_identify(src/state) by extensions ['ros']
[0.243s] Level 1:colcon.colcon_core.package_identification:_identify(src/state) by extension 'ros'
[0.245s] DEBUG:colcon.colcon_core.package_identification:Package 'src/state' with type 'ros.ament_python' and name 'state'
[0.245s] Level 1:colcon.colcon_core.package_discovery:discover_packages(recursive) using defaults
[0.245s] Level 1:colcon.colcon_core.package_discovery:discover_packages(ignore) discover
[0.245s] Level 1:colcon.colcon_core.package_discovery:discover_packages(ignore) using defaults
[0.245s] Level 1:colcon.colcon_core.package_discovery:discover_packages(path) discover
[0.245s] Level 1:colcon.colcon_core.package_discovery:discover_packages(path) using defaults
[0.261s] Level 1:colcon.colcon_core.package_discovery:discover_packages(prefix_path) check parameters
[0.261s] Level 1:colcon.colcon_core.package_discovery:discover_packages(prefix_path) discover
[0.263s] DEBUG:colcon.colcon_installed_package_information.package_discovery:Found 1 installed packages in /home/ubuntu/test_ws/install
[0.264s] DEBUG:colcon.colcon_installed_package_information.package_discovery:Found 4 installed packages in /home/ubuntu/ros2_ws/install
[0.265s] DEBUG:colcon.colcon_installed_package_information.package_discovery:Found 298 installed packages in /opt/ros/humble
[0.266s] Level 1:colcon.colcon_core.package_discovery:discover_packages(prefix_path) using defaults
[0.302s] Level 5:colcon.colcon_core.verb:set package 'state' build argument 'cmake_args' from command line to 'None'
[0.302s] Level 5:colcon.colcon_core.verb:set package 'state' build argument 'cmake_target' from command line to 'None'
[0.302s] Level 5:colcon.colcon_core.verb:set package 'state' build argument 'cmake_target_skip_unavailable' from command line to 'False'
[0.302s] Level 5:colcon.colcon_core.verb:set package 'state' build argument 'cmake_clean_cache' from command line to 'False'
[0.303s] Level 5:colcon.colcon_core.verb:set package 'state' build argument 'cmake_clean_first' from command line to 'False'
[0.303s] Level 5:colcon.colcon_core.verb:set package 'state' build argument 'cmake_force_configure' from command line to 'False'
[0.303s] Level 5:colcon.colcon_core.verb:set package 'state' build argument 'ament_cmake_args' from command line to 'None'
[0.303s] Level 5:colcon.colcon_core.verb:set package 'state' build argument 'catkin_cmake_args' from command line to 'None'
[0.303s] Level 5:colcon.colcon_core.verb:set package 'state' build argument 'catkin_skip_building_tests' from command line to 'False'
[0.303s] DEBUG:colcon.colcon_core.verb:Building package 'state' with the following arguments: {'ament_cmake_args': None, 'build_base': '/home/ubuntu/test_ws/build/state', 'catkin_cmake_args': None, 'catkin_skip_building_tests': False, 'cmake_args': None, 'cmake_clean_cache': False, 'cmake_clean_first': False, 'cmake_force_configure': False, 'cmake_target': None, 'cmake_target_skip_unavailable': False, 'install_base': '/home/ubuntu/test_ws/install/state', 'merge_install': False, 'path': '/home/ubuntu/test_ws/src/state', 'symlink_install': False, 'test_result_base': None}
[0.303s] INFO:colcon.colcon_core.executor:Executing jobs using 'parallel' executor
[0.305s] DEBUG:colcon.colcon_parallel_executor.executor.parallel:run_until_complete
[0.306s] INFO:colcon.colcon_ros.task.ament_python.build:Building ROS package in '/home/ubuntu/test_ws/src/state' with build type 'ament_python'
[0.306s] Level 1:colcon.colcon_core.shell:create_environment_hook('state', 'ament_prefix_path')
[0.309s] INFO:colcon.colcon_core.plugin_system:Skipping extension 'colcon_core.shell.bat': Not used on non-Windows systems
[0.309s] INFO:colcon.colcon_core.shell:Creating environment hook '/home/ubuntu/test_ws/install/state/share/state/hook/ament_prefix_path.ps1'
[0.310s] INFO:colcon.colcon_core.shell:Creating environment descriptor '/home/ubuntu/test_ws/install/state/share/state/hook/ament_prefix_path.dsv'
[0.311s] INFO:colcon.colcon_core.shell:Creating environment hook '/home/ubuntu/test_ws/install/state/share/state/hook/ament_prefix_path.sh'
[0.312s] INFO:colcon.colcon_core.shell:Skip shell extension 'powershell' for command environment: Not usable outside of PowerShell
[0.312s] DEBUG:colcon.colcon_core.shell:Skip shell extension 'dsv' for command environment
[0.478s] INFO:colcon.colcon_core.task.python.build:Building Python package in '/home/ubuntu/test_ws/src/state'
[0.479s] INFO:colcon.colcon_core.shell:Skip shell extension 'powershell' for command environment: Not usable outside of PowerShell
[0.479s] DEBUG:colcon.colcon_core.shell:Skip shell extension 'dsv' for command environment
[0.697s] DEBUG:colcon.colcon_core.event_handler.log_command:Invoking command in '/home/ubuntu/test_ws/src/state': PYTHONPATH=/home/ubuntu/test_ws/build/state/prefix_override:/home/ubuntu/test_ws/install/state/lib/python3.10/site-packages:${PYTHONPATH} /usr/bin/python3 setup.py egg_info --egg-base ../../build/state build --build-base /home/ubuntu/test_ws/build/state/build install --record /home/ubuntu/test_ws/build/state/install.log --single-version-externally-managed
[0.885s] DEBUG:colcon.colcon_core.event_handler.log_command:Invoked command in '/home/ubuntu/test_ws/src/state' returned '0': PYTHONPATH=/home/ubuntu/test_ws/build/state/prefix_override:/home/ubuntu/test_ws/install/state/lib/python3.10/site-packages:${PYTHONPATH} /usr/bin/python3 setup.py egg_info --egg-base ../../build/state build --build-base /home/ubuntu/test_ws/build/state/build install --record /home/ubuntu/test_ws/build/state/install.log --single-version-externally-managed
[0.888s] Level 1:colcon.colcon_core.environment:checking '/home/ubuntu/test_ws/install/state' for CMake module files
[0.888s] Level 1:colcon.colcon_core.environment:checking '/home/ubuntu/test_ws/install/state' for CMake config files
[0.889s] Level 1:colcon.colcon_core.environment:checking '/home/ubuntu/test_ws/install/state/lib'
[0.889s] Level 1:colcon.colcon_core.environment:checking '/home/ubuntu/test_ws/install/state/bin'
[0.889s] Level 1:colcon.colcon_core.environment:checking '/home/ubuntu/test_ws/install/state/lib/pkgconfig/state.pc'
[0.889s] Level 1:colcon.colcon_core.environment:checking '/home/ubuntu/test_ws/install/state/lib/python3.10/site-packages'
[0.889s] Level 1:colcon.colcon_core.shell:create_environment_hook('state', 'pythonpath')
[0.890s] INFO:colcon.colcon_core.shell:Creating environment hook '/home/ubuntu/test_ws/install/state/share/state/hook/pythonpath.ps1'
[0.890s] INFO:colcon.colcon_core.shell:Creating environment descriptor '/home/ubuntu/test_ws/install/state/share/state/hook/pythonpath.dsv'
[0.890s] INFO:colcon.colcon_core.shell:Creating environment hook '/home/ubuntu/test_ws/install/state/share/state/hook/pythonpath.sh'
[0.890s] Level 1:colcon.colcon_core.environment:checking '/home/ubuntu/test_ws/install/state/bin'
[0.891s] Level 1:colcon.colcon_core.environment:create_environment_scripts_only(state)
[0.891s] INFO:colcon.colcon_core.shell:Creating package script '/home/ubuntu/test_ws/install/state/share/state/package.ps1'
[0.892s] INFO:colcon.colcon_core.shell:Creating package descriptor '/home/ubuntu/test_ws/install/state/share/state/package.dsv'
[0.892s] INFO:colcon.colcon_core.shell:Creating package script '/home/ubuntu/test_ws/install/state/share/state/package.sh'
[0.892s] INFO:colcon.colcon_core.shell:Creating package script '/home/ubuntu/test_ws/install/state/share/state/package.bash'
[0.893s] INFO:colcon.colcon_core.shell:Creating package script '/home/ubuntu/test_ws/install/state/share/state/package.zsh'
[0.894s] Level 1:colcon.colcon_core.environment:create_file_with_runtime_dependencies(/home/ubuntu/test_ws/install/state/share/colcon-core/packages/state)
[0.894s] DEBUG:colcon.colcon_parallel_executor.executor.parallel:closing loop
[0.895s] DEBUG:colcon.colcon_parallel_executor.executor.parallel:loop closed
[0.895s] DEBUG:colcon.colcon_parallel_executor.executor.parallel:run_until_complete finished with '0'
[0.895s] DEBUG:colcon.colcon_core.event_reactor:joining thread
[0.898s] INFO:colcon.colcon_core.plugin_system:Skipping extension 'colcon_notification.desktop_notification.terminal_notifier': Not used on non-Darwin systems
[0.899s] INFO:colcon.colcon_core.plugin_system:Skipping extension 'colcon_notification.desktop_notification.win32': Not used on non-Windows systems
[0.899s] INFO:colcon.colcon_notification.desktop_notification:Sending desktop notification using 'notify2'
[0.978s] DEBUG:colcon.colcon_core.event_reactor:joined thread
[0.979s] INFO:colcon.colcon_core.shell:Creating prefix script '/home/ubuntu/test_ws/install/local_setup.ps1'
[0.980s] INFO:colcon.colcon_core.shell:Creating prefix util module '/home/ubuntu/test_ws/install/_local_setup_util_ps1.py'
[0.981s] INFO:colcon.colcon_core.shell:Creating prefix chain script '/home/ubuntu/test_ws/install/setup.ps1'
[0.982s] INFO:colcon.colcon_core.shell:Creating prefix script '/home/ubuntu/test_ws/install/local_setup.sh'
[0.982s] INFO:colcon.colcon_core.shell:Creating prefix util module '/home/ubuntu/test_ws/install/_local_setup_util_sh.py'
[0.982s] INFO:colcon.colcon_core.shell:Creating prefix chain script '/home/ubuntu/test_ws/install/setup.sh'
[0.983s] INFO:colcon.colcon_core.shell:Creating prefix script '/home/ubuntu/test_ws/install/local_setup.bash'
[0.984s] INFO:colcon.colcon_core.shell:Creating prefix chain script '/home/ubuntu/test_ws/install/setup.bash'
[0.984s] INFO:colcon.colcon_core.shell:Creating prefix script '/home/ubuntu/test_ws/install/local_setup.zsh'
[0.984s] INFO:colcon.colcon_core.shell:Creating prefix chain script '/home/ubuntu/test_ws/install/setup.zsh'
