[1.578s] Invoking command in '/home/ubuntu/test_ws/build/simple_service': PYTHONPATH=/home/ubuntu/test_ws/build/simple_service/prefix_override:/home/ubuntu/test_ws/install/simple_service/lib/python3.10/site-packages:${PYTHONPATH} /usr/bin/python3 setup.py develop --editable --build-directory /home/ubuntu/test_ws/build/simple_service/build --no-deps install_data
[2.048s] running develop
[2.051s] /usr/lib/python3/dist-packages/setuptools/command/easy_install.py:158: EasyInstallDeprecationWarning: easy_install command is deprecated. Use build and pip and other standards-based tools.
[2.051s]   warnings.warn(
[2.055s] /usr/lib/python3/dist-packages/setuptools/command/install.py:34: SetuptoolsDeprecationWarning: setup.py install is deprecated. Use build and pip and other standards-based tools.
[2.055s]   warnings.warn(
[2.412s] running egg_info
[2.413s] writing simple_service.egg-info/PKG-INFO
[2.413s] writing dependency_links to simple_service.egg-info/dependency_links.txt
[2.413s] writing entry points to simple_service.egg-info/entry_points.txt
[2.414s] writing requirements to simple_service.egg-info/requires.txt
[2.414s] writing top-level names to simple_service.egg-info/top_level.txt
[2.419s] reading manifest file 'simple_service.egg-info/SOURCES.txt'
[2.422s] writing manifest file 'simple_service.egg-info/SOURCES.txt'
[2.425s] running build_ext
[2.426s] Creating /home/ubuntu/test_ws/install/simple_service/lib/python3.10/site-packages/simple-service.egg-link (link to .)
[2.428s] Installing simple_client script to /home/ubuntu/test_ws/install/simple_service/lib/simple_service
[2.428s] Installing simple_server script to /home/ubuntu/test_ws/install/simple_service/lib/simple_service
[2.429s] 
[2.429s] Installed /home/ubuntu/test_ws/build/simple_service
[2.429s] running install_data
[2.516s] Invoked command in '/home/ubuntu/test_ws/build/simple_service' returned '0': PYTHONPATH=/home/ubuntu/test_ws/build/simple_service/prefix_override:/home/ubuntu/test_ws/install/simple_service/lib/python3.10/site-packages:${PYTHONPATH} /usr/bin/python3 setup.py develop --editable --build-directory /home/ubuntu/test_ws/build/simple_service/build --no-deps install_data
