running develop
running egg_info
creating simple_service.egg-info
writing simple_service.egg-info/PKG-INFO
writing dependency_links to simple_service.egg-info/dependency_links.txt
writing entry points to simple_service.egg-info/entry_points.txt
writing requirements to simple_service.egg-info/requires.txt
writing top-level names to simple_service.egg-info/top_level.txt
writing manifest file 'simple_service.egg-info/SOURCES.txt'
reading manifest file 'simple_service.egg-info/SOURCES.txt'
writing manifest file 'simple_service.egg-info/SOURCES.txt'
running build_ext
Creating /home/ubuntu/test_ws/install/simple_service/lib/python3.10/site-packages/simple-service.egg-link (link to .)
Installing simple_server script to /home/ubuntu/test_ws/install/simple_service/lib/simple_service

Installed /home/ubuntu/test_ws/build/simple_service
running install_data
creating /home/ubuntu/test_ws/install/simple_service/share/ament_index
creating /home/ubuntu/test_ws/install/simple_service/share/ament_index/resource_index
creating /home/ubuntu/test_ws/install/simple_service/share/ament_index/resource_index/packages
copying resource/simple_service -> /home/ubuntu/test_ws/install/simple_service/share/ament_index/resource_index/packages
copying package.xml -> /home/ubuntu/test_ws/install/simple_service/share/simple_service
