[0.705s] Invoking command in '/home/ubuntu/test_ws/build/simple_service': PYTHONPATH=/home/ubuntu/test_ws/build/simple_service/prefix_override:/home/ubuntu/test_ws/install/simple_service/lib/python3.10/site-packages:${PYTHONPATH} /usr/bin/python3 setup.py develop --editable --build-directory /home/ubuntu/test_ws/build/simple_service/build --no-deps install_data
[0.912s] running develop
[0.913s] /usr/lib/python3/dist-packages/setuptools/command/easy_install.py:158: EasyInstallDeprecationWarning: easy_install command is deprecated. Use build and pip and other standards-based tools.
[0.913s]   warnings.warn(
[0.915s] /usr/lib/python3/dist-packages/setuptools/command/install.py:34: SetuptoolsDeprecationWarning: setup.py install is deprecated. Use build and pip and other standards-based tools.
[0.915s]   warnings.warn(
[1.035s] running egg_info
[1.036s] creating simple_service.egg-info
[1.036s] writing simple_service.egg-info/PKG-INFO
[1.036s] writing dependency_links to simple_service.egg-info/dependency_links.txt
[1.037s] writing entry points to simple_service.egg-info/entry_points.txt
[1.037s] writing requirements to simple_service.egg-info/requires.txt
[1.037s] writing top-level names to simple_service.egg-info/top_level.txt
[1.037s] writing manifest file 'simple_service.egg-info/SOURCES.txt'
[1.038s] reading manifest file 'simple_service.egg-info/SOURCES.txt'
[1.038s] writing manifest file 'simple_service.egg-info/SOURCES.txt'
[1.039s] running build_ext
[1.039s] Creating /home/ubuntu/test_ws/install/simple_service/lib/python3.10/site-packages/simple-service.egg-link (link to .)
[1.040s] Installing simple_server script to /home/ubuntu/test_ws/install/simple_service/lib/simple_service
[1.040s] 
[1.041s] Installed /home/ubuntu/test_ws/build/simple_service
[1.041s] running install_data
[1.041s] creating /home/ubuntu/test_ws/install/simple_service/share/ament_index
[1.042s] creating /home/ubuntu/test_ws/install/simple_service/share/ament_index/resource_index
[1.042s] creating /home/ubuntu/test_ws/install/simple_service/share/ament_index/resource_index/packages
[1.042s] copying resource/simple_service -> /home/ubuntu/test_ws/install/simple_service/share/ament_index/resource_index/packages
[1.042s] copying package.xml -> /home/ubuntu/test_ws/install/simple_service/share/simple_service
[1.068s] Invoked command in '/home/ubuntu/test_ws/build/simple_service' returned '0': PYTHONPATH=/home/ubuntu/test_ws/build/simple_service/prefix_override:/home/ubuntu/test_ws/install/simple_service/lib/python3.10/site-packages:${PYTHONPATH} /usr/bin/python3 setup.py develop --editable --build-directory /home/ubuntu/test_ws/build/simple_service/build --no-deps install_data
