running egg_info
creating ../../build/State/State.egg-info
writing ../../build/State/State.egg-info/PKG-INFO
writing dependency_links to ../../build/State/State.egg-info/dependency_links.txt
writing entry points to ../../build/State/State.egg-info/entry_points.txt
writing requirements to ../../build/State/State.egg-info/requires.txt
writing top-level names to ../../build/State/State.egg-info/top_level.txt
writing manifest file '../../build/State/State.egg-info/SOURCES.txt'
reading manifest file '../../build/State/State.egg-info/SOURCES.txt'
writing manifest file '../../build/State/State.egg-info/SOURCES.txt'
running build
running build_py
creating /home/ubuntu/test_ws/build/State/build
creating /home/ubuntu/test_ws/build/State/build/lib
creating /home/ubuntu/test_ws/build/State/build/lib/State
copying State/__init__.py -> /home/ubuntu/test_ws/build/State/build/lib/State
copying State/state_machine.py -> /home/ubuntu/test_ws/build/State/build/lib/State
running install
running install_lib
creating /home/ubuntu/test_ws/install/State/lib/python3.10/site-packages/State
copying /home/ubuntu/test_ws/build/State/build/lib/State/__init__.py -> /home/ubuntu/test_ws/install/State/lib/python3.10/site-packages/State
copying /home/ubuntu/test_ws/build/State/build/lib/State/state_machine.py -> /home/ubuntu/test_ws/install/State/lib/python3.10/site-packages/State
byte-compiling /home/ubuntu/test_ws/install/State/lib/python3.10/site-packages/State/__init__.py to __init__.cpython-310.pyc
byte-compiling /home/ubuntu/test_ws/install/State/lib/python3.10/site-packages/State/state_machine.py to state_machine.cpython-310.pyc
running install_data
creating /home/ubuntu/test_ws/install/State/share/ament_index
creating /home/ubuntu/test_ws/install/State/share/ament_index/resource_index
creating /home/ubuntu/test_ws/install/State/share/ament_index/resource_index/packages
copying resource/State -> /home/ubuntu/test_ws/install/State/share/ament_index/resource_index/packages
copying package.xml -> /home/ubuntu/test_ws/install/State/share/State
running install_egg_info
Copying ../../build/State/State.egg-info to /home/ubuntu/test_ws/install/State/lib/python3.10/site-packages/State-0.0.0-py3.10.egg-info
running install_scripts
Installing state_machine script to /home/ubuntu/test_ws/install/State/lib/State
writing list of installed files to '/home/ubuntu/test_ws/build/State/install.log'
