[0.449s] Invoking command in '/home/ubuntu/test_ws/src/State': PYTHONPATH=/home/ubuntu/test_ws/build/State/prefix_override:/home/ubuntu/test_ws/install/State/lib/python3.10/site-packages:${PYTHONPATH} /usr/bin/python3 setup.py egg_info --egg-base ../../build/State build --build-base /home/ubuntu/test_ws/build/State/build install --record /home/ubuntu/test_ws/build/State/install.log --single-version-externally-managed
[0.593s] running egg_info
[0.593s] creating ../../build/State/State.egg-info
[0.599s] writing ../../build/State/State.egg-info/PKG-INFO
[0.599s] writing dependency_links to ../../build/State/State.egg-info/dependency_links.txt
[0.599s] writing entry points to ../../build/State/State.egg-info/entry_points.txt
[0.599s] writing requirements to ../../build/State/State.egg-info/requires.txt
[0.599s] writing top-level names to ../../build/State/State.egg-info/top_level.txt
[0.600s] writing manifest file '../../build/State/State.egg-info/SOURCES.txt'
[0.601s] reading manifest file '../../build/State/State.egg-info/SOURCES.txt'
[0.601s] writing manifest file '../../build/State/State.egg-info/SOURCES.txt'
[0.601s] running build
[0.601s] running build_py
[0.601s] creating /home/ubuntu/test_ws/build/State/build
[0.602s] creating /home/ubuntu/test_ws/build/State/build/lib
[0.602s] creating /home/ubuntu/test_ws/build/State/build/lib/State
[0.603s] copying State/__init__.py -> /home/ubuntu/test_ws/build/State/build/lib/State
[0.603s] copying State/state_machine.py -> /home/ubuntu/test_ws/build/State/build/lib/State
[0.603s] running install
[0.603s] /usr/lib/python3/dist-packages/setuptools/command/install.py:34: SetuptoolsDeprecationWarning: setup.py install is deprecated. Use build and pip and other standards-based tools.
[0.604s]   warnings.warn(
[0.604s] running install_lib
[0.604s] creating /home/ubuntu/test_ws/install/State/lib/python3.10/site-packages/State
[0.604s] copying /home/ubuntu/test_ws/build/State/build/lib/State/__init__.py -> /home/ubuntu/test_ws/install/State/lib/python3.10/site-packages/State
[0.605s] copying /home/ubuntu/test_ws/build/State/build/lib/State/state_machine.py -> /home/ubuntu/test_ws/install/State/lib/python3.10/site-packages/State
[0.605s] byte-compiling /home/ubuntu/test_ws/install/State/lib/python3.10/site-packages/State/__init__.py to __init__.cpython-310.pyc
[0.605s] byte-compiling /home/ubuntu/test_ws/install/State/lib/python3.10/site-packages/State/state_machine.py to state_machine.cpython-310.pyc
[0.605s] running install_data
[0.606s] creating /home/ubuntu/test_ws/install/State/share/ament_index
[0.606s] creating /home/ubuntu/test_ws/install/State/share/ament_index/resource_index
[0.606s] creating /home/ubuntu/test_ws/install/State/share/ament_index/resource_index/packages
[0.606s] copying resource/State -> /home/ubuntu/test_ws/install/State/share/ament_index/resource_index/packages
[0.606s] copying package.xml -> /home/ubuntu/test_ws/install/State/share/State
[0.606s] running install_egg_info
[0.607s] Copying ../../build/State/State.egg-info to /home/ubuntu/test_ws/install/State/lib/python3.10/site-packages/State-0.0.0-py3.10.egg-info
[0.608s] running install_scripts
[0.621s] Installing state_machine script to /home/ubuntu/test_ws/install/State/lib/State
[0.622s] writing list of installed files to '/home/ubuntu/test_ws/build/State/install.log'
[0.638s] Invoked command in '/home/ubuntu/test_ws/src/State' returned '0': PYTHONPATH=/home/ubuntu/test_ws/build/State/prefix_override:/home/ubuntu/test_ws/install/State/lib/python3.10/site-packages:${PYTHONPATH} /usr/bin/python3 setup.py egg_info --egg-base ../../build/State build --build-base /home/ubuntu/test_ws/build/State/build install --record /home/ubuntu/test_ws/build/State/install.log --single-version-externally-managed
