[2.194s] Invoking command in '/home/ubuntu/test_ws/build/state': PYTHONPATH=/home/ubuntu/test_ws/build/state/prefix_override:/home/ubuntu/test_ws/install/state/lib/python3.10/site-packages:${PYTHONPATH} /usr/bin/python3 setup.py develop --editable --build-directory /home/ubuntu/test_ws/build/state/build --no-deps install_data
[2.776s] running develop
[2.777s] /usr/lib/python3/dist-packages/setuptools/command/easy_install.py:158: EasyInstallDeprecationWarning: easy_install command is deprecated. Use build and pip and other standards-based tools.
[2.777s]   warnings.warn(
[2.779s] /usr/lib/python3/dist-packages/setuptools/command/install.py:34: SetuptoolsDeprecationWarning: setup.py install is deprecated. Use build and pip and other standards-based tools.
[2.779s]   warnings.warn(
[3.138s] running egg_info
[3.139s] writing state.egg-info/PKG-INFO
[3.139s] writing dependency_links to state.egg-info/dependency_links.txt
[3.140s] writing entry points to state.egg-info/entry_points.txt
[3.140s] writing requirements to state.egg-info/requires.txt
[3.141s] writing top-level names to state.egg-info/top_level.txt
[3.144s] reading manifest file 'state.egg-info/SOURCES.txt'
[3.145s] writing manifest file 'state.egg-info/SOURCES.txt'
[3.148s] running build_ext
[3.148s] Creating /home/ubuntu/test_ws/install/state/lib/python3.10/site-packages/state.egg-link (link to .)
[3.150s] Installing state_machine2 script to /home/ubuntu/test_ws/install/state/lib/state
[3.150s] 
[3.151s] Installed /home/ubuntu/test_ws/build/state
[3.151s] running install_data
[3.224s] Invoked command in '/home/ubuntu/test_ws/build/state' returned '0': PYTHONPATH=/home/ubuntu/test_ws/build/state/prefix_override:/home/ubuntu/test_ws/install/state/lib/python3.10/site-packages:${PYTHONPATH} /usr/bin/python3 setup.py develop --editable --build-directory /home/ubuntu/test_ws/build/state/build --no-deps install_data
