[0.613s] DEBUG:colcon:Command line arguments: ['/usr/bin/colcon', 'build', '--symlink-install']
[0.613s] DEBUG:colcon:Parsed command line arguments: Namespace(log_base=None, log_level=None, verb_name='build', build_base='build', install_base='install', merge_install=False, symlink_install=True, test_result_base=None, continue_on_error=False, executor='parallel', parallel_workers=8, event_handlers=None, ignore_user_meta=False, metas=['./colcon.meta'], base_paths=['.'], packages_ignore=None, packages_ignore_regex=None, paths=None, packages_up_to=None, packages_up_to_regex=None, packages_above=None, packages_above_and_dependencies=None, packages_above_depth=None, packages_select_by_dep=None, packages_skip_by_dep=None, packages_skip_up_to=None, packages_select_build_failed=False, packages_skip_build_finished=False, packages_select_test_failures=False, packages_skip_test_passed=False, packages_select=None, packages_skip=None, packages_select_regex=None, packages_skip_regex=None, packages_start=None, packages_end=None, allow_overriding=[], cmake_args=None, cmake_target=None, cmake_target_skip_unavailable=False, cmake_clean_cache=False, cmake_clean_first=False, cmake_force_configure=False, ament_cmake_args=None, catkin_cmake_args=None, catkin_skip_building_tests=False, verb_parser=<colcon_defaults.argument_parser.defaults.DefaultArgumentsDecorator object at 0x7efdc1a13880>, verb_extension=<colcon_core.verb.build.BuildVerb object at 0x7efdc2194bb0>, main=<bound method BuildVerb.main of <colcon_core.verb.build.BuildVerb object at 0x7efdc2194bb0>>)
[0.680s] Level 1:colcon.colcon_core.package_discovery:discover_packages(colcon_meta) check parameters
[0.680s] Level 1:colcon.colcon_core.package_discovery:discover_packages(recursive) check parameters
[0.680s] Level 1:colcon.colcon_core.package_discovery:discover_packages(ignore) check parameters
[0.680s] Level 1:colcon.colcon_core.package_discovery:discover_packages(path) check parameters
[0.680s] Level 1:colcon.colcon_core.package_discovery:discover_packages(colcon_meta) discover
[0.680s] Level 1:colcon.colcon_core.package_discovery:discover_packages(recursive) discover
[0.680s] INFO:colcon.colcon_core.package_discovery:Crawling recursively for packages in '/home/ubuntu/test_ws'
[0.681s] Level 1:colcon.colcon_core.package_identification:_identify(.) by extensions ['ignore', 'ignore_ament_install']
[0.681s] Level 1:colcon.colcon_core.package_identification:_identify(.) by extension 'ignore'
[0.681s] Level 1:colcon.colcon_core.package_identification:_identify(.) by extension 'ignore_ament_install'
[0.681s] Level 1:colcon.colcon_core.package_identification:_identify(.) by extensions ['colcon_pkg']
[0.681s] Level 1:colcon.colcon_core.package_identification:_identify(.) by extension 'colcon_pkg'
[0.681s] Level 1:colcon.colcon_core.package_identification:_identify(.) by extensions ['colcon_meta']
[0.681s] Level 1:colcon.colcon_core.package_identification:_identify(.) by extension 'colcon_meta'
[0.681s] Level 1:colcon.colcon_core.package_identification:_identify(.) by extensions ['ros']
[0.682s] Level 1:colcon.colcon_core.package_identification:_identify(.) by extension 'ros'
[0.709s] Level 1:colcon.colcon_core.package_identification:_identify(.) by extensions ['cmake', 'python']
[0.709s] Level 1:colcon.colcon_core.package_identification:_identify(.) by extension 'cmake'
[0.710s] Level 1:colcon.colcon_core.package_identification:_identify(.) by extension 'python'
[0.710s] Level 1:colcon.colcon_core.package_identification:_identify(.) by extensions ['python_setup_py']
[0.710s] Level 1:colcon.colcon_core.package_identification:_identify(.) by extension 'python_setup_py'
[0.710s] Level 1:colcon.colcon_core.package_identification:_identify(build) by extensions ['ignore', 'ignore_ament_install']
[0.710s] Level 1:colcon.colcon_core.package_identification:_identify(build) by extension 'ignore'
[0.710s] Level 1:colcon.colcon_core.package_identification:_identify(build) ignored
[0.710s] Level 1:colcon.colcon_core.package_identification:_identify(install) by extensions ['ignore', 'ignore_ament_install']
[0.710s] Level 1:colcon.colcon_core.package_identification:_identify(install) by extension 'ignore'
[0.711s] Level 1:colcon.colcon_core.package_identification:_identify(install) ignored
[0.711s] Level 1:colcon.colcon_core.package_identification:_identify(log) by extensions ['ignore', 'ignore_ament_install']
[0.711s] Level 1:colcon.colcon_core.package_identification:_identify(log) by extension 'ignore'
[0.711s] Level 1:colcon.colcon_core.package_identification:_identify(log) ignored
[0.711s] Level 1:colcon.colcon_core.package_identification:_identify(src) by extensions ['ignore', 'ignore_ament_install']
[0.711s] Level 1:colcon.colcon_core.package_identification:_identify(src) by extension 'ignore'
[0.711s] Level 1:colcon.colcon_core.package_identification:_identify(src) by extension 'ignore_ament_install'
[0.711s] Level 1:colcon.colcon_core.package_identification:_identify(src) by extensions ['colcon_pkg']
[0.711s] Level 1:colcon.colcon_core.package_identification:_identify(src) by extension 'colcon_pkg'
[0.711s] Level 1:colcon.colcon_core.package_identification:_identify(src) by extensions ['colcon_meta']
[0.711s] Level 1:colcon.colcon_core.package_identification:_identify(src) by extension 'colcon_meta'
[0.711s] Level 1:colcon.colcon_core.package_identification:_identify(src) by extensions ['ros']
[0.712s] Level 1:colcon.colcon_core.package_identification:_identify(src) by extension 'ros'
[0.712s] Level 1:colcon.colcon_core.package_identification:_identify(src) by extensions ['cmake', 'python']
[0.712s] Level 1:colcon.colcon_core.package_identification:_identify(src) by extension 'cmake'
[0.712s] Level 1:colcon.colcon_core.package_identification:_identify(src) by extension 'python'
[0.712s] Level 1:colcon.colcon_core.package_identification:_identify(src) by extensions ['python_setup_py']
[0.712s] Level 1:colcon.colcon_core.package_identification:_identify(src) by extension 'python_setup_py'
[0.712s] Level 1:colcon.colcon_core.package_identification:_identify(src/original_server) by extensions ['ignore', 'ignore_ament_install']
[0.712s] Level 1:colcon.colcon_core.package_identification:_identify(src/original_server) by extension 'ignore'
[0.712s] Level 1:colcon.colcon_core.package_identification:_identify(src/original_server) by extension 'ignore_ament_install'
[0.712s] Level 1:colcon.colcon_core.package_identification:_identify(src/original_server) by extensions ['colcon_pkg']
[0.712s] Level 1:colcon.colcon_core.package_identification:_identify(src/original_server) by extension 'colcon_pkg'
[0.712s] Level 1:colcon.colcon_core.package_identification:_identify(src/original_server) by extensions ['colcon_meta']
[0.712s] Level 1:colcon.colcon_core.package_identification:_identify(src/original_server) by extension 'colcon_meta'
[0.712s] Level 1:colcon.colcon_core.package_identification:_identify(src/original_server) by extensions ['ros']
[0.713s] Level 1:colcon.colcon_core.package_identification:_identify(src/original_server) by extension 'ros'
[0.717s] DEBUG:colcon.colcon_core.package_identification:Package 'src/original_server' with type 'ros.ament_python' and name 'original_server'
[0.717s] Level 1:colcon.colcon_core.package_identification:_identify(src/simple_service) by extensions ['ignore', 'ignore_ament_install']
[0.717s] Level 1:colcon.colcon_core.package_identification:_identify(src/simple_service) by extension 'ignore'
[0.717s] Level 1:colcon.colcon_core.package_identification:_identify(src/simple_service) by extension 'ignore_ament_install'
[0.717s] Level 1:colcon.colcon_core.package_identification:_identify(src/simple_service) by extensions ['colcon_pkg']
[0.717s] Level 1:colcon.colcon_core.package_identification:_identify(src/simple_service) by extension 'colcon_pkg'
[0.717s] Level 1:colcon.colcon_core.package_identification:_identify(src/simple_service) by extensions ['colcon_meta']
[0.717s] Level 1:colcon.colcon_core.package_identification:_identify(src/simple_service) by extension 'colcon_meta'
[0.718s] Level 1:colcon.colcon_core.package_identification:_identify(src/simple_service) by extensions ['ros']
[0.718s] Level 1:colcon.colcon_core.package_identification:_identify(src/simple_service) by extension 'ros'
[0.719s] DEBUG:colcon.colcon_core.package_identification:Package 'src/simple_service' with type 'ros.ament_python' and name 'simple_service'
[0.719s] Level 1:colcon.colcon_core.package_identification:_identify(src/state) by extensions ['ignore', 'ignore_ament_install']
[0.719s] Level 1:colcon.colcon_core.package_identification:_identify(src/state) by extension 'ignore'
[0.719s] Level 1:colcon.colcon_core.package_identification:_identify(src/state) by extension 'ignore_ament_install'
[0.719s] Level 1:colcon.colcon_core.package_identification:_identify(src/state) by extensions ['colcon_pkg']
[0.719s] Level 1:colcon.colcon_core.package_identification:_identify(src/state) by extension 'colcon_pkg'
[0.719s] Level 1:colcon.colcon_core.package_identification:_identify(src/state) by extensions ['colcon_meta']
[0.719s] Level 1:colcon.colcon_core.package_identification:_identify(src/state) by extension 'colcon_meta'
[0.719s] Level 1:colcon.colcon_core.package_identification:_identify(src/state) by extensions ['ros']
[0.720s] Level 1:colcon.colcon_core.package_identification:_identify(src/state) by extension 'ros'
[0.720s] DEBUG:colcon.colcon_core.package_identification:Package 'src/state' with type 'ros.ament_python' and name 'state'
[0.720s] Level 1:colcon.colcon_core.package_discovery:discover_packages(recursive) using defaults
[0.721s] Level 1:colcon.colcon_core.package_discovery:discover_packages(ignore) discover
[0.721s] Level 1:colcon.colcon_core.package_discovery:discover_packages(ignore) using defaults
[0.721s] Level 1:colcon.colcon_core.package_discovery:discover_packages(path) discover
[0.721s] Level 1:colcon.colcon_core.package_discovery:discover_packages(path) using defaults
[0.772s] Level 1:colcon.colcon_core.package_discovery:discover_packages(prefix_path) check parameters
[0.772s] Level 1:colcon.colcon_core.package_discovery:discover_packages(prefix_path) discover
[0.779s] DEBUG:colcon.colcon_installed_package_information.package_discovery:Found 4 installed packages in /home/ubuntu/test_ws/install
[0.780s] DEBUG:colcon.colcon_installed_package_information.package_discovery:Found 4 installed packages in /home/ubuntu/ros2_ws/install
[0.784s] DEBUG:colcon.colcon_installed_package_information.package_discovery:Found 298 installed packages in /opt/ros/humble
[0.786s] Level 1:colcon.colcon_core.package_discovery:discover_packages(prefix_path) using defaults
[0.889s] Level 5:colcon.colcon_core.verb:set package 'original_server' build argument 'cmake_args' from command line to 'None'
[0.890s] Level 5:colcon.colcon_core.verb:set package 'original_server' build argument 'cmake_target' from command line to 'None'
[0.890s] Level 5:colcon.colcon_core.verb:set package 'original_server' build argument 'cmake_target_skip_unavailable' from command line to 'False'
[0.890s] Level 5:colcon.colcon_core.verb:set package 'original_server' build argument 'cmake_clean_cache' from command line to 'False'
[0.890s] Level 5:colcon.colcon_core.verb:set package 'original_server' build argument 'cmake_clean_first' from command line to 'False'
[0.890s] Level 5:colcon.colcon_core.verb:set package 'original_server' build argument 'cmake_force_configure' from command line to 'False'
[0.890s] Level 5:colcon.colcon_core.verb:set package 'original_server' build argument 'ament_cmake_args' from command line to 'None'
[0.890s] Level 5:colcon.colcon_core.verb:set package 'original_server' build argument 'catkin_cmake_args' from command line to 'None'
[0.890s] Level 5:colcon.colcon_core.verb:set package 'original_server' build argument 'catkin_skip_building_tests' from command line to 'False'
[0.890s] DEBUG:colcon.colcon_core.verb:Building package 'original_server' with the following arguments: {'ament_cmake_args': None, 'build_base': '/home/ubuntu/test_ws/build/original_server', 'catkin_cmake_args': None, 'catkin_skip_building_tests': False, 'cmake_args': None, 'cmake_clean_cache': False, 'cmake_clean_first': False, 'cmake_force_configure': False, 'cmake_target': None, 'cmake_target_skip_unavailable': False, 'install_base': '/home/ubuntu/test_ws/install/original_server', 'merge_install': False, 'path': '/home/ubuntu/test_ws/src/original_server', 'symlink_install': True, 'test_result_base': None}
[0.891s] Level 5:colcon.colcon_core.verb:set package 'simple_service' build argument 'cmake_args' from command line to 'None'
[0.892s] Level 5:colcon.colcon_core.verb:set package 'simple_service' build argument 'cmake_target' from command line to 'None'
[0.892s] Level 5:colcon.colcon_core.verb:set package 'simple_service' build argument 'cmake_target_skip_unavailable' from command line to 'False'
[0.892s] Level 5:colcon.colcon_core.verb:set package 'simple_service' build argument 'cmake_clean_cache' from command line to 'False'
[0.892s] Level 5:colcon.colcon_core.verb:set package 'simple_service' build argument 'cmake_clean_first' from command line to 'False'
[0.892s] Level 5:colcon.colcon_core.verb:set package 'simple_service' build argument 'cmake_force_configure' from command line to 'False'
[0.892s] Level 5:colcon.colcon_core.verb:set package 'simple_service' build argument 'ament_cmake_args' from command line to 'None'
[0.892s] Level 5:colcon.colcon_core.verb:set package 'simple_service' build argument 'catkin_cmake_args' from command line to 'None'
[0.892s] Level 5:colcon.colcon_core.verb:set package 'simple_service' build argument 'catkin_skip_building_tests' from command line to 'False'
[0.892s] DEBUG:colcon.colcon_core.verb:Building package 'simple_service' with the following arguments: {'ament_cmake_args': None, 'build_base': '/home/ubuntu/test_ws/build/simple_service', 'catkin_cmake_args': None, 'catkin_skip_building_tests': False, 'cmake_args': None, 'cmake_clean_cache': False, 'cmake_clean_first': False, 'cmake_force_configure': False, 'cmake_target': None, 'cmake_target_skip_unavailable': False, 'install_base': '/home/ubuntu/test_ws/install/simple_service', 'merge_install': False, 'path': '/home/ubuntu/test_ws/src/simple_service', 'symlink_install': True, 'test_result_base': None}
[0.893s] Level 5:colcon.colcon_core.verb:set package 'state' build argument 'cmake_args' from command line to 'None'
[0.893s] Level 5:colcon.colcon_core.verb:set package 'state' build argument 'cmake_target' from command line to 'None'
[0.894s] Level 5:colcon.colcon_core.verb:set package 'state' build argument 'cmake_target_skip_unavailable' from command line to 'False'
[0.894s] Level 5:colcon.colcon_core.verb:set package 'state' build argument 'cmake_clean_cache' from command line to 'False'
[0.894s] Level 5:colcon.colcon_core.verb:set package 'state' build argument 'cmake_clean_first' from command line to 'False'
[0.894s] Level 5:colcon.colcon_core.verb:set package 'state' build argument 'cmake_force_configure' from command line to 'False'
[0.894s] Level 5:colcon.colcon_core.verb:set package 'state' build argument 'ament_cmake_args' from command line to 'None'
[0.894s] Level 5:colcon.colcon_core.verb:set package 'state' build argument 'catkin_cmake_args' from command line to 'None'
[0.894s] Level 5:colcon.colcon_core.verb:set package 'state' build argument 'catkin_skip_building_tests' from command line to 'False'
[0.894s] DEBUG:colcon.colcon_core.verb:Building package 'state' with the following arguments: {'ament_cmake_args': None, 'build_base': '/home/ubuntu/test_ws/build/state', 'catkin_cmake_args': None, 'catkin_skip_building_tests': False, 'cmake_args': None, 'cmake_clean_cache': False, 'cmake_clean_first': False, 'cmake_force_configure': False, 'cmake_target': None, 'cmake_target_skip_unavailable': False, 'install_base': '/home/ubuntu/test_ws/install/state', 'merge_install': False, 'path': '/home/ubuntu/test_ws/src/state', 'symlink_install': True, 'test_result_base': None}
[0.895s] INFO:colcon.colcon_core.executor:Executing jobs using 'parallel' executor
[0.900s] DEBUG:colcon.colcon_parallel_executor.executor.parallel:run_until_complete
[0.901s] INFO:colcon.colcon_ros.task.ament_python.build:Building ROS package in '/home/ubuntu/test_ws/src/original_server' with build type 'ament_python'
[0.901s] Level 1:colcon.colcon_core.shell:create_environment_hook('original_server', 'ament_prefix_path')
[0.912s] INFO:colcon.colcon_core.plugin_system:Skipping extension 'colcon_core.shell.bat': Not used on non-Windows systems
[0.913s] INFO:colcon.colcon_core.shell:Creating environment hook '/home/ubuntu/test_ws/install/original_server/share/original_server/hook/ament_prefix_path.ps1'
[0.914s] INFO:colcon.colcon_core.shell:Creating environment descriptor '/home/ubuntu/test_ws/install/original_server/share/original_server/hook/ament_prefix_path.dsv'
[0.915s] INFO:colcon.colcon_core.shell:Creating environment hook '/home/ubuntu/test_ws/install/original_server/share/original_server/hook/ament_prefix_path.sh'
[0.918s] INFO:colcon.colcon_core.shell:Skip shell extension 'powershell' for command environment: Not usable outside of PowerShell
[0.918s] DEBUG:colcon.colcon_core.shell:Skip shell extension 'dsv' for command environment
[0.930s] INFO:colcon.colcon_ros.task.ament_python.build:Building ROS package in '/home/ubuntu/test_ws/src/simple_service' with build type 'ament_python'
[0.931s] Level 1:colcon.colcon_core.shell:create_environment_hook('simple_service', 'ament_prefix_path')
[0.933s] INFO:colcon.colcon_core.shell:Creating environment hook '/home/ubuntu/test_ws/install/simple_service/share/simple_service/hook/ament_prefix_path.ps1'
[0.935s] INFO:colcon.colcon_core.shell:Creating environment descriptor '/home/ubuntu/test_ws/install/simple_service/share/simple_service/hook/ament_prefix_path.dsv'
[0.935s] INFO:colcon.colcon_core.shell:Creating environment hook '/home/ubuntu/test_ws/install/simple_service/share/simple_service/hook/ament_prefix_path.sh'
[0.938s] INFO:colcon.colcon_core.shell:Skip shell extension 'powershell' for command environment: Not usable outside of PowerShell
[0.938s] DEBUG:colcon.colcon_core.shell:Skip shell extension 'dsv' for command environment
[0.948s] INFO:colcon.colcon_ros.task.ament_python.build:Building ROS package in '/home/ubuntu/test_ws/src/state' with build type 'ament_python'
[0.948s] Level 1:colcon.colcon_core.shell:create_environment_hook('state', 'ament_prefix_path')
[0.950s] INFO:colcon.colcon_core.shell:Creating environment hook '/home/ubuntu/test_ws/install/state/share/state/hook/ament_prefix_path.ps1'
[0.952s] INFO:colcon.colcon_core.shell:Creating environment descriptor '/home/ubuntu/test_ws/install/state/share/state/hook/ament_prefix_path.dsv'
[0.953s] INFO:colcon.colcon_core.shell:Creating environment hook '/home/ubuntu/test_ws/install/state/share/state/hook/ament_prefix_path.sh'
[0.955s] INFO:colcon.colcon_core.shell:Skip shell extension 'powershell' for command environment: Not usable outside of PowerShell
[0.955s] DEBUG:colcon.colcon_core.shell:Skip shell extension 'dsv' for command environment
[1.440s] INFO:colcon.colcon_core.task.python.build:Building Python package in '/home/ubuntu/test_ws/src/original_server'
[1.442s] INFO:colcon.colcon_core.shell:Skip shell extension 'powershell' for command environment: Not usable outside of PowerShell
[1.442s] DEBUG:colcon.colcon_core.shell:Skip shell extension 'dsv' for command environment
[1.902s] INFO:colcon.colcon_core.task.python.build:Building Python package in '/home/ubuntu/test_ws/src/simple_service'
[1.904s] INFO:colcon.colcon_core.shell:Skip shell extension 'powershell' for command environment: Not usable outside of PowerShell
[1.904s] DEBUG:colcon.colcon_core.shell:Skip shell extension 'dsv' for command environment
[2.381s] INFO:colcon.colcon_core.task.python.build:Building Python package in '/home/ubuntu/test_ws/src/state'
[2.383s] INFO:colcon.colcon_core.shell:Skip shell extension 'powershell' for command environment: Not usable outside of PowerShell
[2.383s] DEBUG:colcon.colcon_core.shell:Skip shell extension 'dsv' for command environment
[3.093s] DEBUG:colcon.colcon_core.event_handler.log_command:Invoking command in '/home/ubuntu/test_ws/build/simple_service': PYTHONPATH=/home/ubuntu/test_ws/build/simple_service/prefix_override:/home/ubuntu/test_ws/install/simple_service/lib/python3.10/site-packages:${PYTHONPATH} /usr/bin/python3 setup.py develop --editable --build-directory /home/ubuntu/test_ws/build/simple_service/build --no-deps install_data
[3.095s] DEBUG:colcon.colcon_core.event_handler.log_command:Invoking command in '/home/ubuntu/test_ws/build/original_server': PYTHONPATH=/home/ubuntu/test_ws/build/original_server/prefix_override:/home/ubuntu/test_ws/install/original_server/lib/python3.10/site-packages:${PYTHONPATH} /usr/bin/python3 setup.py develop --editable --build-directory /home/ubuntu/test_ws/build/original_server/build --no-deps install_data
[3.128s] DEBUG:colcon.colcon_core.event_handler.log_command:Invoking command in '/home/ubuntu/test_ws/build/state': PYTHONPATH=/home/ubuntu/test_ws/build/state/prefix_override:/home/ubuntu/test_ws/install/state/lib/python3.10/site-packages:${PYTHONPATH} /usr/bin/python3 setup.py develop --editable --build-directory /home/ubuntu/test_ws/build/state/build --no-deps install_data
[4.080s] Level 1:colcon.colcon_core.shell:create_environment_hook('original_server', 'pythonpath_develop')
[4.083s] INFO:colcon.colcon_core.shell:Creating environment hook '/home/ubuntu/test_ws/build/original_server/share/original_server/hook/pythonpath_develop.ps1'
[4.084s] DEBUG:colcon.colcon_core.event_handler.log_command:Invoked command in '/home/ubuntu/test_ws/build/original_server' returned '0': PYTHONPATH=/home/ubuntu/test_ws/build/original_server/prefix_override:/home/ubuntu/test_ws/install/original_server/lib/python3.10/site-packages:${PYTHONPATH} /usr/bin/python3 setup.py develop --editable --build-directory /home/ubuntu/test_ws/build/original_server/build --no-deps install_data
[4.088s] INFO:colcon.colcon_core.shell:Creating environment descriptor '/home/ubuntu/test_ws/build/original_server/share/original_server/hook/pythonpath_develop.dsv'
[4.089s] INFO:colcon.colcon_core.shell:Creating environment hook '/home/ubuntu/test_ws/build/original_server/share/original_server/hook/pythonpath_develop.sh'
[4.099s] Level 1:colcon.colcon_core.environment:checking '/home/ubuntu/test_ws/install/original_server' for CMake module files
[4.100s] Level 1:colcon.colcon_core.environment:checking '/home/ubuntu/test_ws/install/original_server' for CMake config files
[4.101s] Level 1:colcon.colcon_core.environment:checking '/home/ubuntu/test_ws/install/original_server/lib'
[4.101s] Level 1:colcon.colcon_core.environment:checking '/home/ubuntu/test_ws/install/original_server/bin'
[4.101s] Level 1:colcon.colcon_core.environment:checking '/home/ubuntu/test_ws/install/original_server/lib/pkgconfig/original_server.pc'
[4.102s] Level 1:colcon.colcon_core.environment:checking '/home/ubuntu/test_ws/install/original_server/lib/python3.10/site-packages'
[4.102s] Level 1:colcon.colcon_core.shell:create_environment_hook('original_server', 'pythonpath')
[4.104s] INFO:colcon.colcon_core.shell:Creating environment hook '/home/ubuntu/test_ws/install/original_server/share/original_server/hook/pythonpath.ps1'
[4.105s] INFO:colcon.colcon_core.shell:Creating environment descriptor '/home/ubuntu/test_ws/install/original_server/share/original_server/hook/pythonpath.dsv'
[4.105s] INFO:colcon.colcon_core.shell:Creating environment hook '/home/ubuntu/test_ws/install/original_server/share/original_server/hook/pythonpath.sh'
[4.107s] Level 1:colcon.colcon_core.environment:checking '/home/ubuntu/test_ws/install/original_server/bin'
[4.107s] Level 1:colcon.colcon_core.environment:create_environment_scripts_only(original_server)
[4.110s] INFO:colcon.colcon_core.shell:Creating package script '/home/ubuntu/test_ws/install/original_server/share/original_server/package.ps1'
[4.111s] INFO:colcon.colcon_core.shell:Creating package descriptor '/home/ubuntu/test_ws/install/original_server/share/original_server/package.dsv'
[4.112s] INFO:colcon.colcon_core.shell:Creating package script '/home/ubuntu/test_ws/install/original_server/share/original_server/package.sh'
[4.113s] INFO:colcon.colcon_core.shell:Creating package script '/home/ubuntu/test_ws/install/original_server/share/original_server/package.bash'
[4.114s] INFO:colcon.colcon_core.shell:Creating package script '/home/ubuntu/test_ws/install/original_server/share/original_server/package.zsh'
[4.115s] Level 1:colcon.colcon_core.environment:create_file_with_runtime_dependencies(/home/ubuntu/test_ws/install/original_server/share/colcon-core/packages/original_server)
[4.137s] Level 1:colcon.colcon_core.shell:create_environment_hook('simple_service', 'pythonpath_develop')
[4.138s] DEBUG:colcon.colcon_core.event_handler.log_command:Invoked command in '/home/ubuntu/test_ws/build/simple_service' returned '0': PYTHONPATH=/home/ubuntu/test_ws/build/simple_service/prefix_override:/home/ubuntu/test_ws/install/simple_service/lib/python3.10/site-packages:${PYTHONPATH} /usr/bin/python3 setup.py develop --editable --build-directory /home/ubuntu/test_ws/build/simple_service/build --no-deps install_data
[4.141s] INFO:colcon.colcon_core.shell:Creating environment hook '/home/ubuntu/test_ws/build/simple_service/share/simple_service/hook/pythonpath_develop.ps1'
[4.142s] INFO:colcon.colcon_core.shell:Creating environment descriptor '/home/ubuntu/test_ws/build/simple_service/share/simple_service/hook/pythonpath_develop.dsv'
[4.143s] INFO:colcon.colcon_core.shell:Creating environment hook '/home/ubuntu/test_ws/build/simple_service/share/simple_service/hook/pythonpath_develop.sh'
[4.147s] Level 1:colcon.colcon_core.environment:checking '/home/ubuntu/test_ws/install/simple_service' for CMake module files
[4.148s] Level 1:colcon.colcon_core.environment:checking '/home/ubuntu/test_ws/install/simple_service' for CMake config files
[4.148s] Level 1:colcon.colcon_core.environment:checking '/home/ubuntu/test_ws/install/simple_service/lib'
[4.148s] Level 1:colcon.colcon_core.environment:checking '/home/ubuntu/test_ws/install/simple_service/bin'
[4.148s] Level 1:colcon.colcon_core.environment:checking '/home/ubuntu/test_ws/install/simple_service/lib/pkgconfig/simple_service.pc'
[4.149s] Level 1:colcon.colcon_core.environment:checking '/home/ubuntu/test_ws/install/simple_service/lib/python3.10/site-packages'
[4.149s] Level 1:colcon.colcon_core.shell:create_environment_hook('simple_service', 'pythonpath')
[4.151s] INFO:colcon.colcon_core.shell:Creating environment hook '/home/ubuntu/test_ws/install/simple_service/share/simple_service/hook/pythonpath.ps1'
[4.152s] INFO:colcon.colcon_core.shell:Creating environment descriptor '/home/ubuntu/test_ws/install/simple_service/share/simple_service/hook/pythonpath.dsv'
[4.152s] INFO:colcon.colcon_core.shell:Creating environment hook '/home/ubuntu/test_ws/install/simple_service/share/simple_service/hook/pythonpath.sh'
[4.153s] Level 1:colcon.colcon_core.environment:checking '/home/ubuntu/test_ws/install/simple_service/bin'
[4.153s] Level 1:colcon.colcon_core.environment:create_environment_scripts_only(simple_service)
[4.157s] INFO:colcon.colcon_core.shell:Creating package script '/home/ubuntu/test_ws/install/simple_service/share/simple_service/package.ps1'
[4.157s] INFO:colcon.colcon_core.shell:Creating package descriptor '/home/ubuntu/test_ws/install/simple_service/share/simple_service/package.dsv'
[4.158s] INFO:colcon.colcon_core.shell:Creating package script '/home/ubuntu/test_ws/install/simple_service/share/simple_service/package.sh'
[4.159s] INFO:colcon.colcon_core.shell:Creating package script '/home/ubuntu/test_ws/install/simple_service/share/simple_service/package.bash'
[4.159s] INFO:colcon.colcon_core.shell:Creating package script '/home/ubuntu/test_ws/install/simple_service/share/simple_service/package.zsh'
[4.160s] Level 1:colcon.colcon_core.environment:create_file_with_runtime_dependencies(/home/ubuntu/test_ws/install/simple_service/share/colcon-core/packages/simple_service)
[4.162s] Level 1:colcon.colcon_core.shell:create_environment_hook('state', 'pythonpath_develop')
[4.164s] INFO:colcon.colcon_core.shell:Creating environment hook '/home/ubuntu/test_ws/build/state/share/state/hook/pythonpath_develop.ps1'
[4.165s] INFO:colcon.colcon_core.shell:Creating environment descriptor '/home/ubuntu/test_ws/build/state/share/state/hook/pythonpath_develop.dsv'
[4.167s] DEBUG:colcon.colcon_core.event_handler.log_command:Invoked command in '/home/ubuntu/test_ws/build/state' returned '0': PYTHONPATH=/home/ubuntu/test_ws/build/state/prefix_override:/home/ubuntu/test_ws/install/state/lib/python3.10/site-packages:${PYTHONPATH} /usr/bin/python3 setup.py develop --editable --build-directory /home/ubuntu/test_ws/build/state/build --no-deps install_data
[4.167s] INFO:colcon.colcon_core.shell:Creating environment hook '/home/ubuntu/test_ws/build/state/share/state/hook/pythonpath_develop.sh'
[4.172s] Level 1:colcon.colcon_core.environment:checking '/home/ubuntu/test_ws/install/state' for CMake module files
[4.174s] Level 1:colcon.colcon_core.environment:checking '/home/ubuntu/test_ws/install/state' for CMake config files
[4.175s] Level 1:colcon.colcon_core.environment:checking '/home/ubuntu/test_ws/install/state/lib'
[4.175s] Level 1:colcon.colcon_core.environment:checking '/home/ubuntu/test_ws/install/state/bin'
[4.175s] Level 1:colcon.colcon_core.environment:checking '/home/ubuntu/test_ws/install/state/lib/pkgconfig/state.pc'
[4.176s] Level 1:colcon.colcon_core.environment:checking '/home/ubuntu/test_ws/install/state/lib/python3.10/site-packages'
[4.176s] Level 1:colcon.colcon_core.shell:create_environment_hook('state', 'pythonpath')
[4.179s] INFO:colcon.colcon_core.shell:Creating environment hook '/home/ubuntu/test_ws/install/state/share/state/hook/pythonpath.ps1'
[4.179s] INFO:colcon.colcon_core.shell:Creating environment descriptor '/home/ubuntu/test_ws/install/state/share/state/hook/pythonpath.dsv'
[4.180s] INFO:colcon.colcon_core.shell:Creating environment hook '/home/ubuntu/test_ws/install/state/share/state/hook/pythonpath.sh'
[4.181s] Level 1:colcon.colcon_core.environment:checking '/home/ubuntu/test_ws/install/state/bin'
[4.181s] Level 1:colcon.colcon_core.environment:create_environment_scripts_only(state)
[4.184s] INFO:colcon.colcon_core.shell:Creating package script '/home/ubuntu/test_ws/install/state/share/state/package.ps1'
[4.185s] INFO:colcon.colcon_core.shell:Creating package descriptor '/home/ubuntu/test_ws/install/state/share/state/package.dsv'
[4.186s] INFO:colcon.colcon_core.shell:Creating package script '/home/ubuntu/test_ws/install/state/share/state/package.sh'
[4.187s] INFO:colcon.colcon_core.shell:Creating package script '/home/ubuntu/test_ws/install/state/share/state/package.bash'
[4.187s] INFO:colcon.colcon_core.shell:Creating package script '/home/ubuntu/test_ws/install/state/share/state/package.zsh'
[4.188s] Level 1:colcon.colcon_core.environment:create_file_with_runtime_dependencies(/home/ubuntu/test_ws/install/state/share/colcon-core/packages/state)
[4.188s] DEBUG:colcon.colcon_parallel_executor.executor.parallel:closing loop
[4.189s] DEBUG:colcon.colcon_parallel_executor.executor.parallel:loop closed
[4.190s] DEBUG:colcon.colcon_parallel_executor.executor.parallel:run_until_complete finished with '0'
[4.190s] DEBUG:colcon.colcon_core.event_reactor:joining thread
[4.202s] INFO:colcon.colcon_core.plugin_system:Skipping extension 'colcon_notification.desktop_notification.terminal_notifier': Not used on non-Darwin systems
[4.202s] INFO:colcon.colcon_core.plugin_system:Skipping extension 'colcon_notification.desktop_notification.win32': Not used on non-Windows systems
[4.202s] INFO:colcon.colcon_notification.desktop_notification:Sending desktop notification using 'notify2'
[4.586s] DEBUG:colcon.colcon_core.event_reactor:joined thread
[4.588s] INFO:colcon.colcon_core.shell:Creating prefix script '/home/ubuntu/test_ws/install/local_setup.ps1'
[4.591s] INFO:colcon.colcon_core.shell:Creating prefix util module '/home/ubuntu/test_ws/install/_local_setup_util_ps1.py'
[4.593s] INFO:colcon.colcon_core.shell:Creating prefix chain script '/home/ubuntu/test_ws/install/setup.ps1'
[4.595s] INFO:colcon.colcon_core.shell:Creating prefix script '/home/ubuntu/test_ws/install/local_setup.sh'
[4.596s] INFO:colcon.colcon_core.shell:Creating prefix util module '/home/ubuntu/test_ws/install/_local_setup_util_sh.py'
[4.597s] INFO:colcon.colcon_core.shell:Creating prefix chain script '/home/ubuntu/test_ws/install/setup.sh'
[4.599s] INFO:colcon.colcon_core.shell:Creating prefix script '/home/ubuntu/test_ws/install/local_setup.bash'
[4.600s] INFO:colcon.colcon_core.shell:Creating prefix chain script '/home/ubuntu/test_ws/install/setup.bash'
[4.602s] INFO:colcon.colcon_core.shell:Creating prefix script '/home/ubuntu/test_ws/install/local_setup.zsh'
[4.603s] INFO:colcon.colcon_core.shell:Creating prefix chain script '/home/ubuntu/test_ws/install/setup.zsh'
