[2.150s] Invoking command in '/home/ubuntu/test_ws/build/state': PYTHONPATH=/home/ubuntu/test_ws/build/state/prefix_override:/home/ubuntu/test_ws/install/state/lib/python3.10/site-packages:${PYTHONPATH} /usr/bin/python3 setup.py develop --editable --build-directory /home/ubuntu/test_ws/build/state/build --no-deps install_data
[2.657s] running develop
[2.658s] /usr/lib/python3/dist-packages/setuptools/command/easy_install.py:158: EasyInstallDeprecationWarning: easy_install command is deprecated. Use build and pip and other standards-based tools.
[2.658s]   warnings.warn(
[2.661s] /usr/lib/python3/dist-packages/setuptools/command/install.py:34: SetuptoolsDeprecationWarning: setup.py install is deprecated. Use build and pip and other standards-based tools.
[2.661s]   warnings.warn(
[3.016s] running egg_info
[3.016s] writing state.egg-info/PKG-INFO
[3.017s] writing dependency_links to state.egg-info/dependency_links.txt
[3.017s] writing entry points to state.egg-info/entry_points.txt
[3.018s] writing requirements to state.egg-info/requires.txt
[3.019s] writing top-level names to state.egg-info/top_level.txt
[3.022s] reading manifest file 'state.egg-info/SOURCES.txt'
[3.023s] writing manifest file 'state.egg-info/SOURCES.txt'
[3.027s] running build_ext
[3.027s] Creating /home/ubuntu/test_ws/install/state/lib/python3.10/site-packages/state.egg-link (link to .)
[3.030s] Installing state_machine2 script to /home/ubuntu/test_ws/install/state/lib/state
[3.031s] 
[3.031s] Installed /home/ubuntu/test_ws/build/state
[3.031s] running install_data
[3.087s] Invoked command in '/home/ubuntu/test_ws/build/state' returned '0': PYTHONPATH=/home/ubuntu/test_ws/build/state/prefix_override:/home/ubuntu/test_ws/install/state/lib/python3.10/site-packages:${PYTHONPATH} /usr/bin/python3 setup.py develop --editable --build-directory /home/ubuntu/test_ws/build/state/build --no-deps install_data
