running egg_info
writing ../../build/State/State.egg-info/PKG-INFO
writing dependency_links to ../../build/State/State.egg-info/dependency_links.txt
writing entry points to ../../build/State/State.egg-info/entry_points.txt
writing requirements to ../../build/State/State.egg-info/requires.txt
writing top-level names to ../../build/State/State.egg-info/top_level.txt
reading manifest file '../../build/State/State.egg-info/SOURCES.txt'
writing manifest file '../../build/State/State.egg-info/SOURCES.txt'
running build
running build_py
running install
/usr/lib/python3/dist-packages/setuptools/command/install.py:34: SetuptoolsDeprecationWarning: setup.py install is deprecated. Use build and pip and other standards-based tools.
  warnings.warn(
running install_lib
running install_data
running install_egg_info
removing '/home/ubuntu/test_ws/install/State/lib/python3.10/site-packages/State-0.0.0-py3.10.egg-info' (and everything under it)
Copying ../../build/State/State.egg-info to /home/ubuntu/test_ws/install/State/lib/python3.10/site-packages/State-0.0.0-py3.10.egg-info
running install_scripts
Installing state_machine script to /home/ubuntu/test_ws/install/State/lib/State
writing list of installed files to '/home/ubuntu/test_ws/build/State/install.log'
