[0.389s] Invoking command in '/home/ubuntu/test_ws/src/State': PYTHONPATH=/home/ubuntu/test_ws/build/State/prefix_override:/home/ubuntu/test_ws/install/State/lib/python3.10/site-packages:${PYTHONPATH} /usr/bin/python3 setup.py egg_info --egg-base ../../build/State build --build-base /home/ubuntu/test_ws/build/State/build install --record /home/ubuntu/test_ws/build/State/install.log --single-version-externally-managed
[0.535s] running egg_info
[0.535s] writing ../../build/State/State.egg-info/PKG-INFO
[0.535s] writing dependency_links to ../../build/State/State.egg-info/dependency_links.txt
[0.535s] writing entry points to ../../build/State/State.egg-info/entry_points.txt
[0.536s] writing requirements to ../../build/State/State.egg-info/requires.txt
[0.536s] writing top-level names to ../../build/State/State.egg-info/top_level.txt
[0.537s] reading manifest file '../../build/State/State.egg-info/SOURCES.txt'
[0.537s] writing manifest file '../../build/State/State.egg-info/SOURCES.txt'
[0.537s] running build
[0.537s] running build_py
[0.538s] running install
[0.538s] /usr/lib/python3/dist-packages/setuptools/command/install.py:34: SetuptoolsDeprecationWarning: setup.py install is deprecated. Use build and pip and other standards-based tools.
[0.538s]   warnings.warn(
[0.538s] running install_lib
[0.539s] running install_data
[0.539s] running install_egg_info
[0.540s] removing '/home/ubuntu/test_ws/install/State/lib/python3.10/site-packages/State-0.0.0-py3.10.egg-info' (and everything under it)
[0.540s] Copying ../../build/State/State.egg-info to /home/ubuntu/test_ws/install/State/lib/python3.10/site-packages/State-0.0.0-py3.10.egg-info
[0.541s] running install_scripts
[0.555s] Installing state_machine script to /home/ubuntu/test_ws/install/State/lib/State
[0.556s] writing list of installed files to '/home/ubuntu/test_ws/build/State/install.log'
[0.572s] Invoked command in '/home/ubuntu/test_ws/src/State' returned '0': PYTHONPATH=/home/ubuntu/test_ws/build/State/prefix_override:/home/ubuntu/test_ws/install/State/lib/python3.10/site-packages:${PYTHONPATH} /usr/bin/python3 setup.py egg_info --egg-base ../../build/State build --build-base /home/ubuntu/test_ws/build/State/build install --record /home/ubuntu/test_ws/build/State/install.log --single-version-externally-managed
