[0.204s] DEBUG:colcon:Command line arguments: ['/usr/bin/colcon', 'build', '--symlink-install']
[0.204s] DEBUG:colcon:Parsed command line arguments: Namespace(log_base=None, log_level=None, verb_name='build', build_base='build', install_base='install', merge_install=False, symlink_install=True, test_result_base=None, continue_on_error=False, executor='parallel', parallel_workers=8, event_handlers=None, ignore_user_meta=False, metas=['./colcon.meta'], base_paths=['.'], packages_ignore=None, packages_ignore_regex=None, paths=None, packages_up_to=None, packages_up_to_regex=None, packages_above=None, packages_above_and_dependencies=None, packages_above_depth=None, packages_select_by_dep=None, packages_skip_by_dep=None, packages_skip_up_to=None, packages_select_build_failed=False, packages_skip_build_finished=False, packages_select_test_failures=False, packages_skip_test_passed=False, packages_select=None, packages_skip=None, packages_select_regex=None, packages_skip_regex=None, packages_start=None, packages_end=None, allow_overriding=[], cmake_args=None, cmake_target=None, cmake_target_skip_unavailable=False, cmake_clean_cache=False, cmake_clean_first=False, cmake_force_configure=False, ament_cmake_args=None, catkin_cmake_args=None, catkin_skip_building_tests=False, verb_parser=<colcon_defaults.argument_parser.defaults.DefaultArgumentsDecorator object at 0x7f233d5a7520>, verb_extension=<colcon_core.verb.build.BuildVerb object at 0x7f233dd208e0>, main=<bound method BuildVerb.main of <colcon_core.verb.build.BuildVerb object at 0x7f233dd208e0>>)
[0.226s] Level 1:colcon.colcon_core.package_discovery:discover_packages(colcon_meta) check parameters
[0.227s] Level 1:colcon.colcon_core.package_discovery:discover_packages(recursive) check parameters
[0.227s] Level 1:colcon.colcon_core.package_discovery:discover_packages(ignore) check parameters
[0.227s] Level 1:colcon.colcon_core.package_discovery:discover_packages(path) check parameters
[0.227s] Level 1:colcon.colcon_core.package_discovery:discover_packages(colcon_meta) discover
[0.227s] Level 1:colcon.colcon_core.package_discovery:discover_packages(recursive) discover
[0.227s] INFO:colcon.colcon_core.package_discovery:Crawling recursively for packages in '/home/ubuntu/test_ws'
[0.227s] Level 1:colcon.colcon_core.package_identification:_identify(.) by extensions ['ignore', 'ignore_ament_install']
[0.227s] Level 1:colcon.colcon_core.package_identification:_identify(.) by extension 'ignore'
[0.227s] Level 1:colcon.colcon_core.package_identification:_identify(.) by extension 'ignore_ament_install'
[0.227s] Level 1:colcon.colcon_core.package_identification:_identify(.) by extensions ['colcon_pkg']
[0.227s] Level 1:colcon.colcon_core.package_identification:_identify(.) by extension 'colcon_pkg'
[0.227s] Level 1:colcon.colcon_core.package_identification:_identify(.) by extensions ['colcon_meta']
[0.227s] Level 1:colcon.colcon_core.package_identification:_identify(.) by extension 'colcon_meta'
[0.227s] Level 1:colcon.colcon_core.package_identification:_identify(.) by extensions ['ros']
[0.227s] Level 1:colcon.colcon_core.package_identification:_identify(.) by extension 'ros'
[0.235s] Level 1:colcon.colcon_core.package_identification:_identify(.) by extensions ['cmake', 'python']
[0.235s] Level 1:colcon.colcon_core.package_identification:_identify(.) by extension 'cmake'
[0.235s] Level 1:colcon.colcon_core.package_identification:_identify(.) by extension 'python'
[0.236s] Level 1:colcon.colcon_core.package_identification:_identify(.) by extensions ['python_setup_py']
[0.236s] Level 1:colcon.colcon_core.package_identification:_identify(.) by extension 'python_setup_py'
[0.236s] Level 1:colcon.colcon_core.package_identification:_identify(build) by extensions ['ignore', 'ignore_ament_install']
[0.236s] Level 1:colcon.colcon_core.package_identification:_identify(build) by extension 'ignore'
[0.236s] Level 1:colcon.colcon_core.package_identification:_identify(build) ignored
[0.236s] Level 1:colcon.colcon_core.package_identification:_identify(install) by extensions ['ignore', 'ignore_ament_install']
[0.236s] Level 1:colcon.colcon_core.package_identification:_identify(install) by extension 'ignore'
[0.236s] Level 1:colcon.colcon_core.package_identification:_identify(install) ignored
[0.236s] Level 1:colcon.colcon_core.package_identification:_identify(log) by extensions ['ignore', 'ignore_ament_install']
[0.236s] Level 1:colcon.colcon_core.package_identification:_identify(log) by extension 'ignore'
[0.236s] Level 1:colcon.colcon_core.package_identification:_identify(log) ignored
[0.236s] Level 1:colcon.colcon_core.package_identification:_identify(src) by extensions ['ignore', 'ignore_ament_install']
[0.236s] Level 1:colcon.colcon_core.package_identification:_identify(src) by extension 'ignore'
[0.236s] Level 1:colcon.colcon_core.package_identification:_identify(src) by extension 'ignore_ament_install'
[0.236s] Level 1:colcon.colcon_core.package_identification:_identify(src) by extensions ['colcon_pkg']
[0.236s] Level 1:colcon.colcon_core.package_identification:_identify(src) by extension 'colcon_pkg'
[0.236s] Level 1:colcon.colcon_core.package_identification:_identify(src) by extensions ['colcon_meta']
[0.236s] Level 1:colcon.colcon_core.package_identification:_identify(src) by extension 'colcon_meta'
[0.236s] Level 1:colcon.colcon_core.package_identification:_identify(src) by extensions ['ros']
[0.236s] Level 1:colcon.colcon_core.package_identification:_identify(src) by extension 'ros'
[0.236s] Level 1:colcon.colcon_core.package_identification:_identify(src) by extensions ['cmake', 'python']
[0.236s] Level 1:colcon.colcon_core.package_identification:_identify(src) by extension 'cmake'
[0.236s] Level 1:colcon.colcon_core.package_identification:_identify(src) by extension 'python'
[0.236s] Level 1:colcon.colcon_core.package_identification:_identify(src) by extensions ['python_setup_py']
[0.236s] Level 1:colcon.colcon_core.package_identification:_identify(src) by extension 'python_setup_py'
[0.236s] Level 1:colcon.colcon_core.package_identification:_identify(src/simple_service) by extensions ['ignore', 'ignore_ament_install']
[0.236s] Level 1:colcon.colcon_core.package_identification:_identify(src/simple_service) by extension 'ignore'
[0.236s] Level 1:colcon.colcon_core.package_identification:_identify(src/simple_service) by extension 'ignore_ament_install'
[0.237s] Level 1:colcon.colcon_core.package_identification:_identify(src/simple_service) by extensions ['colcon_pkg']
[0.237s] Level 1:colcon.colcon_core.package_identification:_identify(src/simple_service) by extension 'colcon_pkg'
[0.237s] Level 1:colcon.colcon_core.package_identification:_identify(src/simple_service) by extensions ['colcon_meta']
[0.237s] Level 1:colcon.colcon_core.package_identification:_identify(src/simple_service) by extension 'colcon_meta'
[0.237s] Level 1:colcon.colcon_core.package_identification:_identify(src/simple_service) by extensions ['ros']
[0.237s] Level 1:colcon.colcon_core.package_identification:_identify(src/simple_service) by extension 'ros'
[0.238s] DEBUG:colcon.colcon_core.package_identification:Package 'src/simple_service' with type 'ros.ament_python' and name 'simple_service'
[0.238s] Level 1:colcon.colcon_core.package_identification:_identify(src/state) by extensions ['ignore', 'ignore_ament_install']
[0.238s] Level 1:colcon.colcon_core.package_identification:_identify(src/state) by extension 'ignore'
[0.238s] Level 1:colcon.colcon_core.package_identification:_identify(src/state) by extension 'ignore_ament_install'
[0.238s] Level 1:colcon.colcon_core.package_identification:_identify(src/state) by extensions ['colcon_pkg']
[0.238s] Level 1:colcon.colcon_core.package_identification:_identify(src/state) by extension 'colcon_pkg'
[0.238s] Level 1:colcon.colcon_core.package_identification:_identify(src/state) by extensions ['colcon_meta']
[0.238s] Level 1:colcon.colcon_core.package_identification:_identify(src/state) by extension 'colcon_meta'
[0.238s] Level 1:colcon.colcon_core.package_identification:_identify(src/state) by extensions ['ros']
[0.239s] Level 1:colcon.colcon_core.package_identification:_identify(src/state) by extension 'ros'
[0.239s] DEBUG:colcon.colcon_core.package_identification:Package 'src/state' with type 'ros.ament_python' and name 'state'
[0.239s] Level 1:colcon.colcon_core.package_discovery:discover_packages(recursive) using defaults
[0.239s] Level 1:colcon.colcon_core.package_discovery:discover_packages(ignore) discover
[0.239s] Level 1:colcon.colcon_core.package_discovery:discover_packages(ignore) using defaults
[0.239s] Level 1:colcon.colcon_core.package_discovery:discover_packages(path) discover
[0.239s] Level 1:colcon.colcon_core.package_discovery:discover_packages(path) using defaults
[0.256s] Level 1:colcon.colcon_core.package_discovery:discover_packages(prefix_path) check parameters
[0.256s] Level 1:colcon.colcon_core.package_discovery:discover_packages(prefix_path) discover
[0.258s] DEBUG:colcon.colcon_installed_package_information.package_discovery:Found 3 installed packages in /home/ubuntu/test_ws/install
[0.258s] DEBUG:colcon.colcon_installed_package_information.package_discovery:Found 4 installed packages in /home/ubuntu/ros2_ws/install
[0.259s] DEBUG:colcon.colcon_installed_package_information.package_discovery:Found 298 installed packages in /opt/ros/humble
[0.260s] Level 1:colcon.colcon_core.package_discovery:discover_packages(prefix_path) using defaults
[0.303s] Level 5:colcon.colcon_core.verb:set package 'simple_service' build argument 'cmake_args' from command line to 'None'
[0.303s] Level 5:colcon.colcon_core.verb:set package 'simple_service' build argument 'cmake_target' from command line to 'None'
[0.303s] Level 5:colcon.colcon_core.verb:set package 'simple_service' build argument 'cmake_target_skip_unavailable' from command line to 'False'
[0.303s] Level 5:colcon.colcon_core.verb:set package 'simple_service' build argument 'cmake_clean_cache' from command line to 'False'
[0.303s] Level 5:colcon.colcon_core.verb:set package 'simple_service' build argument 'cmake_clean_first' from command line to 'False'
[0.303s] Level 5:colcon.colcon_core.verb:set package 'simple_service' build argument 'cmake_force_configure' from command line to 'False'
[0.303s] Level 5:colcon.colcon_core.verb:set package 'simple_service' build argument 'ament_cmake_args' from command line to 'None'
[0.303s] Level 5:colcon.colcon_core.verb:set package 'simple_service' build argument 'catkin_cmake_args' from command line to 'None'
[0.303s] Level 5:colcon.colcon_core.verb:set package 'simple_service' build argument 'catkin_skip_building_tests' from command line to 'False'
[0.303s] DEBUG:colcon.colcon_core.verb:Building package 'simple_service' with the following arguments: {'ament_cmake_args': None, 'build_base': '/home/ubuntu/test_ws/build/simple_service', 'catkin_cmake_args': None, 'catkin_skip_building_tests': False, 'cmake_args': None, 'cmake_clean_cache': False, 'cmake_clean_first': False, 'cmake_force_configure': False, 'cmake_target': None, 'cmake_target_skip_unavailable': False, 'install_base': '/home/ubuntu/test_ws/install/simple_service', 'merge_install': False, 'path': '/home/ubuntu/test_ws/src/simple_service', 'symlink_install': True, 'test_result_base': None}
[0.304s] Level 5:colcon.colcon_core.verb:set package 'state' build argument 'cmake_args' from command line to 'None'
[0.304s] Level 5:colcon.colcon_core.verb:set package 'state' build argument 'cmake_target' from command line to 'None'
[0.304s] Level 5:colcon.colcon_core.verb:set package 'state' build argument 'cmake_target_skip_unavailable' from command line to 'False'
[0.304s] Level 5:colcon.colcon_core.verb:set package 'state' build argument 'cmake_clean_cache' from command line to 'False'
[0.304s] Level 5:colcon.colcon_core.verb:set package 'state' build argument 'cmake_clean_first' from command line to 'False'
[0.304s] Level 5:colcon.colcon_core.verb:set package 'state' build argument 'cmake_force_configure' from command line to 'False'
[0.304s] Level 5:colcon.colcon_core.verb:set package 'state' build argument 'ament_cmake_args' from command line to 'None'
[0.304s] Level 5:colcon.colcon_core.verb:set package 'state' build argument 'catkin_cmake_args' from command line to 'None'
[0.304s] Level 5:colcon.colcon_core.verb:set package 'state' build argument 'catkin_skip_building_tests' from command line to 'False'
[0.304s] DEBUG:colcon.colcon_core.verb:Building package 'state' with the following arguments: {'ament_cmake_args': None, 'build_base': '/home/ubuntu/test_ws/build/state', 'catkin_cmake_args': None, 'catkin_skip_building_tests': False, 'cmake_args': None, 'cmake_clean_cache': False, 'cmake_clean_first': False, 'cmake_force_configure': False, 'cmake_target': None, 'cmake_target_skip_unavailable': False, 'install_base': '/home/ubuntu/test_ws/install/state', 'merge_install': False, 'path': '/home/ubuntu/test_ws/src/state', 'symlink_install': True, 'test_result_base': None}
[0.305s] INFO:colcon.colcon_core.executor:Executing jobs using 'parallel' executor
[0.307s] DEBUG:colcon.colcon_parallel_executor.executor.parallel:run_until_complete
[0.307s] INFO:colcon.colcon_ros.task.ament_python.build:Building ROS package in '/home/ubuntu/test_ws/src/simple_service' with build type 'ament_python'
[0.307s] Level 1:colcon.colcon_core.shell:create_environment_hook('simple_service', 'ament_prefix_path')
[0.310s] INFO:colcon.colcon_core.plugin_system:Skipping extension 'colcon_core.shell.bat': Not used on non-Windows systems
[0.311s] INFO:colcon.colcon_core.shell:Creating environment hook '/home/ubuntu/test_ws/install/simple_service/share/simple_service/hook/ament_prefix_path.ps1'
[0.312s] INFO:colcon.colcon_core.shell:Creating environment descriptor '/home/ubuntu/test_ws/install/simple_service/share/simple_service/hook/ament_prefix_path.dsv'
[0.312s] INFO:colcon.colcon_core.shell:Creating environment hook '/home/ubuntu/test_ws/install/simple_service/share/simple_service/hook/ament_prefix_path.sh'
[0.313s] INFO:colcon.colcon_core.shell:Skip shell extension 'powershell' for command environment: Not usable outside of PowerShell
[0.313s] DEBUG:colcon.colcon_core.shell:Skip shell extension 'dsv' for command environment
[0.317s] INFO:colcon.colcon_ros.task.ament_python.build:Building ROS package in '/home/ubuntu/test_ws/src/state' with build type 'ament_python'
[0.317s] Level 1:colcon.colcon_core.shell:create_environment_hook('state', 'ament_prefix_path')
[0.318s] INFO:colcon.colcon_core.shell:Creating environment hook '/home/ubuntu/test_ws/install/state/share/state/hook/ament_prefix_path.ps1'
[0.319s] INFO:colcon.colcon_core.shell:Creating environment descriptor '/home/ubuntu/test_ws/install/state/share/state/hook/ament_prefix_path.dsv'
[0.319s] INFO:colcon.colcon_core.shell:Creating environment hook '/home/ubuntu/test_ws/install/state/share/state/hook/ament_prefix_path.sh'
[0.320s] INFO:colcon.colcon_core.shell:Skip shell extension 'powershell' for command environment: Not usable outside of PowerShell
[0.320s] DEBUG:colcon.colcon_core.shell:Skip shell extension 'dsv' for command environment
[0.492s] INFO:colcon.colcon_core.task.python.build:Building Python package in '/home/ubuntu/test_ws/src/simple_service'
[0.493s] INFO:colcon.colcon_core.shell:Skip shell extension 'powershell' for command environment: Not usable outside of PowerShell
[0.493s] DEBUG:colcon.colcon_core.shell:Skip shell extension 'dsv' for command environment
[0.660s] INFO:colcon.colcon_core.task.python.build:Building Python package in '/home/ubuntu/test_ws/src/state'
[0.661s] INFO:colcon.colcon_core.shell:Skip shell extension 'powershell' for command environment: Not usable outside of PowerShell
[0.661s] DEBUG:colcon.colcon_core.shell:Skip shell extension 'dsv' for command environment
[0.889s] DEBUG:colcon.colcon_core.event_handler.log_command:Invoking command in '/home/ubuntu/test_ws/build/simple_service': PYTHONPATH=/home/ubuntu/test_ws/build/simple_service/prefix_override:/home/ubuntu/test_ws/install/simple_service/lib/python3.10/site-packages:${PYTHONPATH} /usr/bin/python3 setup.py develop --editable --build-directory /home/ubuntu/test_ws/build/simple_service/build --no-deps install_data
[0.892s] DEBUG:colcon.colcon_core.event_handler.log_command:Invoking command in '/home/ubuntu/test_ws/build/state': PYTHONPATH=/home/ubuntu/test_ws/build/state/prefix_override:/home/ubuntu/test_ws/install/state/lib/python3.10/site-packages:${PYTHONPATH} /usr/bin/python3 setup.py develop --editable --build-directory /home/ubuntu/test_ws/build/state/build --no-deps install_data
[1.211s] Level 1:colcon.colcon_core.shell:create_environment_hook('simple_service', 'pythonpath_develop')
[1.212s] INFO:colcon.colcon_core.shell:Creating environment hook '/home/ubuntu/test_ws/build/simple_service/share/simple_service/hook/pythonpath_develop.ps1'
[1.213s] DEBUG:colcon.colcon_core.event_handler.log_command:Invoked command in '/home/ubuntu/test_ws/build/simple_service' returned '0': PYTHONPATH=/home/ubuntu/test_ws/build/simple_service/prefix_override:/home/ubuntu/test_ws/install/simple_service/lib/python3.10/site-packages:${PYTHONPATH} /usr/bin/python3 setup.py develop --editable --build-directory /home/ubuntu/test_ws/build/simple_service/build --no-deps install_data
[1.214s] INFO:colcon.colcon_core.shell:Creating environment descriptor '/home/ubuntu/test_ws/build/simple_service/share/simple_service/hook/pythonpath_develop.dsv'
[1.214s] INFO:colcon.colcon_core.shell:Creating environment hook '/home/ubuntu/test_ws/build/simple_service/share/simple_service/hook/pythonpath_develop.sh'
[1.217s] Level 1:colcon.colcon_core.environment:checking '/home/ubuntu/test_ws/install/simple_service' for CMake module files
[1.217s] Level 1:colcon.colcon_core.environment:checking '/home/ubuntu/test_ws/install/simple_service' for CMake config files
[1.217s] Level 1:colcon.colcon_core.environment:checking '/home/ubuntu/test_ws/install/simple_service/lib'
[1.218s] Level 1:colcon.colcon_core.environment:checking '/home/ubuntu/test_ws/install/simple_service/bin'
[1.218s] Level 1:colcon.colcon_core.environment:checking '/home/ubuntu/test_ws/install/simple_service/lib/pkgconfig/simple_service.pc'
[1.218s] Level 1:colcon.colcon_core.environment:checking '/home/ubuntu/test_ws/install/simple_service/lib/python3.10/site-packages'
[1.218s] Level 1:colcon.colcon_core.shell:create_environment_hook('simple_service', 'pythonpath')
[1.218s] INFO:colcon.colcon_core.shell:Creating environment hook '/home/ubuntu/test_ws/install/simple_service/share/simple_service/hook/pythonpath.ps1'
[1.219s] INFO:colcon.colcon_core.shell:Creating environment descriptor '/home/ubuntu/test_ws/install/simple_service/share/simple_service/hook/pythonpath.dsv'
[1.219s] INFO:colcon.colcon_core.shell:Creating environment hook '/home/ubuntu/test_ws/install/simple_service/share/simple_service/hook/pythonpath.sh'
[1.219s] Level 1:colcon.colcon_core.environment:checking '/home/ubuntu/test_ws/install/simple_service/bin'
[1.219s] Level 1:colcon.colcon_core.environment:create_environment_scripts_only(simple_service)
[1.220s] INFO:colcon.colcon_core.shell:Creating package script '/home/ubuntu/test_ws/install/simple_service/share/simple_service/package.ps1'
[1.220s] INFO:colcon.colcon_core.shell:Creating package descriptor '/home/ubuntu/test_ws/install/simple_service/share/simple_service/package.dsv'
[1.221s] INFO:colcon.colcon_core.shell:Creating package script '/home/ubuntu/test_ws/install/simple_service/share/simple_service/package.sh'
[1.221s] INFO:colcon.colcon_core.shell:Creating package script '/home/ubuntu/test_ws/install/simple_service/share/simple_service/package.bash'
[1.222s] INFO:colcon.colcon_core.shell:Creating package script '/home/ubuntu/test_ws/install/simple_service/share/simple_service/package.zsh'
[1.222s] Level 1:colcon.colcon_core.environment:create_file_with_runtime_dependencies(/home/ubuntu/test_ws/install/simple_service/share/colcon-core/packages/simple_service)
[1.222s] Level 1:colcon.colcon_core.shell:create_environment_hook('state', 'pythonpath_develop')
[1.223s] INFO:colcon.colcon_core.shell:Creating environment hook '/home/ubuntu/test_ws/build/state/share/state/hook/pythonpath_develop.ps1'
[1.224s] INFO:colcon.colcon_core.shell:Creating environment descriptor '/home/ubuntu/test_ws/build/state/share/state/hook/pythonpath_develop.dsv'
[1.224s] DEBUG:colcon.colcon_core.event_handler.log_command:Invoked command in '/home/ubuntu/test_ws/build/state' returned '0': PYTHONPATH=/home/ubuntu/test_ws/build/state/prefix_override:/home/ubuntu/test_ws/install/state/lib/python3.10/site-packages:${PYTHONPATH} /usr/bin/python3 setup.py develop --editable --build-directory /home/ubuntu/test_ws/build/state/build --no-deps install_data
[1.224s] INFO:colcon.colcon_core.shell:Creating environment hook '/home/ubuntu/test_ws/build/state/share/state/hook/pythonpath_develop.sh'
[1.226s] Level 1:colcon.colcon_core.environment:checking '/home/ubuntu/test_ws/install/state' for CMake module files
[1.226s] Level 1:colcon.colcon_core.environment:checking '/home/ubuntu/test_ws/install/state' for CMake config files
[1.226s] Level 1:colcon.colcon_core.environment:checking '/home/ubuntu/test_ws/install/state/lib'
[1.226s] Level 1:colcon.colcon_core.environment:checking '/home/ubuntu/test_ws/install/state/bin'
[1.226s] Level 1:colcon.colcon_core.environment:checking '/home/ubuntu/test_ws/install/state/lib/pkgconfig/state.pc'
[1.226s] Level 1:colcon.colcon_core.environment:checking '/home/ubuntu/test_ws/install/state/lib/python3.10/site-packages'
[1.226s] Level 1:colcon.colcon_core.shell:create_environment_hook('state', 'pythonpath')
[1.227s] INFO:colcon.colcon_core.shell:Creating environment hook '/home/ubuntu/test_ws/install/state/share/state/hook/pythonpath.ps1'
[1.227s] INFO:colcon.colcon_core.shell:Creating environment descriptor '/home/ubuntu/test_ws/install/state/share/state/hook/pythonpath.dsv'
[1.227s] INFO:colcon.colcon_core.shell:Creating environment hook '/home/ubuntu/test_ws/install/state/share/state/hook/pythonpath.sh'
[1.228s] Level 1:colcon.colcon_core.environment:checking '/home/ubuntu/test_ws/install/state/bin'
[1.228s] Level 1:colcon.colcon_core.environment:create_environment_scripts_only(state)
[1.229s] INFO:colcon.colcon_core.shell:Creating package script '/home/ubuntu/test_ws/install/state/share/state/package.ps1'
[1.229s] INFO:colcon.colcon_core.shell:Creating package descriptor '/home/ubuntu/test_ws/install/state/share/state/package.dsv'
[1.229s] INFO:colcon.colcon_core.shell:Creating package script '/home/ubuntu/test_ws/install/state/share/state/package.sh'
[1.229s] INFO:colcon.colcon_core.shell:Creating package script '/home/ubuntu/test_ws/install/state/share/state/package.bash'
[1.230s] INFO:colcon.colcon_core.shell:Creating package script '/home/ubuntu/test_ws/install/state/share/state/package.zsh'
[1.230s] Level 1:colcon.colcon_core.environment:create_file_with_runtime_dependencies(/home/ubuntu/test_ws/install/state/share/colcon-core/packages/state)
[1.230s] DEBUG:colcon.colcon_parallel_executor.executor.parallel:closing loop
[1.231s] DEBUG:colcon.colcon_parallel_executor.executor.parallel:loop closed
[1.231s] DEBUG:colcon.colcon_parallel_executor.executor.parallel:run_until_complete finished with '0'
[1.231s] DEBUG:colcon.colcon_core.event_reactor:joining thread
[1.235s] INFO:colcon.colcon_core.plugin_system:Skipping extension 'colcon_notification.desktop_notification.terminal_notifier': Not used on non-Darwin systems
[1.235s] INFO:colcon.colcon_core.plugin_system:Skipping extension 'colcon_notification.desktop_notification.win32': Not used on non-Windows systems
[1.235s] INFO:colcon.colcon_notification.desktop_notification:Sending desktop notification using 'notify2'
[1.334s] DEBUG:colcon.colcon_core.event_reactor:joined thread
[1.335s] INFO:colcon.colcon_core.shell:Creating prefix script '/home/ubuntu/test_ws/install/local_setup.ps1'
[1.336s] INFO:colcon.colcon_core.shell:Creating prefix util module '/home/ubuntu/test_ws/install/_local_setup_util_ps1.py'
[1.337s] INFO:colcon.colcon_core.shell:Creating prefix chain script '/home/ubuntu/test_ws/install/setup.ps1'
[1.338s] INFO:colcon.colcon_core.shell:Creating prefix script '/home/ubuntu/test_ws/install/local_setup.sh'
[1.338s] INFO:colcon.colcon_core.shell:Creating prefix util module '/home/ubuntu/test_ws/install/_local_setup_util_sh.py'
[1.338s] INFO:colcon.colcon_core.shell:Creating prefix chain script '/home/ubuntu/test_ws/install/setup.sh'
[1.339s] INFO:colcon.colcon_core.shell:Creating prefix script '/home/ubuntu/test_ws/install/local_setup.bash'
[1.339s] INFO:colcon.colcon_core.shell:Creating prefix chain script '/home/ubuntu/test_ws/install/setup.bash'
[1.340s] INFO:colcon.colcon_core.shell:Creating prefix script '/home/ubuntu/test_ws/install/local_setup.zsh'
[1.340s] INFO:colcon.colcon_core.shell:Creating prefix chain script '/home/ubuntu/test_ws/install/setup.zsh'
