running egg_info
creating ../../build/state/state.egg-info
writing ../../build/state/state.egg-info/PKG-INFO
writing dependency_links to ../../build/state/state.egg-info/dependency_links.txt
writing entry points to ../../build/state/state.egg-info/entry_points.txt
writing requirements to ../../build/state/state.egg-info/requires.txt
writing top-level names to ../../build/state/state.egg-info/top_level.txt
writing manifest file '../../build/state/state.egg-info/SOURCES.txt'
reading manifest file '../../build/state/state.egg-info/SOURCES.txt'
writing manifest file '../../build/state/state.egg-info/SOURCES.txt'
running build
running build_py
creating /home/ubuntu/test_ws/build/state/build
creating /home/ubuntu/test_ws/build/state/build/lib
creating /home/ubuntu/test_ws/build/state/build/lib/state
copying state/__init__.py -> /home/ubuntu/test_ws/build/state/build/lib/state
copying state/state_machine2.py -> /home/ubuntu/test_ws/build/state/build/lib/state
running install
/usr/lib/python3/dist-packages/setuptools/command/install.py:34: SetuptoolsDeprecationWarning: setup.py install is deprecated. Use build and pip and other standards-based tools.
  warnings.warn(
running install_lib
creating /home/ubuntu/test_ws/install/state/lib/python3.10/site-packages/state
copying /home/ubuntu/test_ws/build/state/build/lib/state/__init__.py -> /home/ubuntu/test_ws/install/state/lib/python3.10/site-packages/state
copying /home/ubuntu/test_ws/build/state/build/lib/state/state_machine2.py -> /home/ubuntu/test_ws/install/state/lib/python3.10/site-packages/state
byte-compiling /home/ubuntu/test_ws/install/state/lib/python3.10/site-packages/state/__init__.py to __init__.cpython-310.pyc
byte-compiling /home/ubuntu/test_ws/install/state/lib/python3.10/site-packages/state/state_machine2.py to state_machine2.cpython-310.pyc
running install_data
creating /home/ubuntu/test_ws/install/state/share/ament_index
creating /home/ubuntu/test_ws/install/state/share/ament_index/resource_index
creating /home/ubuntu/test_ws/install/state/share/ament_index/resource_index/packages
copying resource/state -> /home/ubuntu/test_ws/install/state/share/ament_index/resource_index/packages
copying package.xml -> /home/ubuntu/test_ws/install/state/share/state
running install_egg_info
Copying ../../build/state/state.egg-info to /home/ubuntu/test_ws/install/state/lib/python3.10/site-packages/state-0.0.0-py3.10.egg-info
running install_scripts
Installing state_machine2 script to /home/ubuntu/test_ws/install/state/lib/state
writing list of installed files to '/home/ubuntu/test_ws/build/state/install.log'
