[0.595s] DEBUG:colcon:Command line arguments: ['/usr/bin/colcon', 'build', '--symlink-install']
[0.595s] DEBUG:colcon:Parsed command line arguments: Namespace(log_base=None, log_level=None, verb_name='build', build_base='build', install_base='install', merge_install=False, symlink_install=True, test_result_base=None, continue_on_error=False, executor='parallel', parallel_workers=8, event_handlers=None, ignore_user_meta=False, metas=['./colcon.meta'], base_paths=['.'], packages_ignore=None, packages_ignore_regex=None, paths=None, packages_up_to=None, packages_up_to_regex=None, packages_above=None, packages_above_and_dependencies=None, packages_above_depth=None, packages_select_by_dep=None, packages_skip_by_dep=None, packages_skip_up_to=None, packages_select_build_failed=False, packages_skip_build_finished=False, packages_select_test_failures=False, packages_skip_test_passed=False, packages_select=None, packages_skip=None, packages_select_regex=None, packages_skip_regex=None, packages_start=None, packages_end=None, allow_overriding=[], cmake_args=None, cmake_target=None, cmake_target_skip_unavailable=False, cmake_clean_cache=False, cmake_clean_first=False, cmake_force_configure=False, ament_cmake_args=None, catkin_cmake_args=None, catkin_skip_building_tests=False, verb_parser=<colcon_defaults.argument_parser.defaults.DefaultArgumentsDecorator object at 0x7fca9e5f3970>, verb_extension=<colcon_core.verb.build.BuildVerb object at 0x7fca9ed80ca0>, main=<bound method BuildVerb.main of <colcon_core.verb.build.BuildVerb object at 0x7fca9ed80ca0>>)
[0.654s] Level 1:colcon.colcon_core.package_discovery:discover_packages(colcon_meta) check parameters
[0.655s] Level 1:colcon.colcon_core.package_discovery:discover_packages(recursive) check parameters
[0.655s] Level 1:colcon.colcon_core.package_discovery:discover_packages(ignore) check parameters
[0.655s] Level 1:colcon.colcon_core.package_discovery:discover_packages(path) check parameters
[0.655s] Level 1:colcon.colcon_core.package_discovery:discover_packages(colcon_meta) discover
[0.655s] Level 1:colcon.colcon_core.package_discovery:discover_packages(recursive) discover
[0.655s] INFO:colcon.colcon_core.package_discovery:Crawling recursively for packages in '/home/ubuntu/test_ws'
[0.655s] Level 1:colcon.colcon_core.package_identification:_identify(.) by extensions ['ignore', 'ignore_ament_install']
[0.655s] Level 1:colcon.colcon_core.package_identification:_identify(.) by extension 'ignore'
[0.655s] Level 1:colcon.colcon_core.package_identification:_identify(.) by extension 'ignore_ament_install'
[0.656s] Level 1:colcon.colcon_core.package_identification:_identify(.) by extensions ['colcon_pkg']
[0.656s] Level 1:colcon.colcon_core.package_identification:_identify(.) by extension 'colcon_pkg'
[0.656s] Level 1:colcon.colcon_core.package_identification:_identify(.) by extensions ['colcon_meta']
[0.656s] Level 1:colcon.colcon_core.package_identification:_identify(.) by extension 'colcon_meta'
[0.656s] Level 1:colcon.colcon_core.package_identification:_identify(.) by extensions ['ros']
[0.656s] Level 1:colcon.colcon_core.package_identification:_identify(.) by extension 'ros'
[0.677s] Level 1:colcon.colcon_core.package_identification:_identify(.) by extensions ['cmake', 'python']
[0.677s] Level 1:colcon.colcon_core.package_identification:_identify(.) by extension 'cmake'
[0.677s] Level 1:colcon.colcon_core.package_identification:_identify(.) by extension 'python'
[0.677s] Level 1:colcon.colcon_core.package_identification:_identify(.) by extensions ['python_setup_py']
[0.677s] Level 1:colcon.colcon_core.package_identification:_identify(.) by extension 'python_setup_py'
[0.677s] Level 1:colcon.colcon_core.package_identification:_identify(build) by extensions ['ignore', 'ignore_ament_install']
[0.677s] Level 1:colcon.colcon_core.package_identification:_identify(build) by extension 'ignore'
[0.677s] Level 1:colcon.colcon_core.package_identification:_identify(build) ignored
[0.678s] Level 1:colcon.colcon_core.package_identification:_identify(install) by extensions ['ignore', 'ignore_ament_install']
[0.678s] Level 1:colcon.colcon_core.package_identification:_identify(install) by extension 'ignore'
[0.678s] Level 1:colcon.colcon_core.package_identification:_identify(install) ignored
[0.678s] Level 1:colcon.colcon_core.package_identification:_identify(log) by extensions ['ignore', 'ignore_ament_install']
[0.678s] Level 1:colcon.colcon_core.package_identification:_identify(log) by extension 'ignore'
[0.678s] Level 1:colcon.colcon_core.package_identification:_identify(log) ignored
[0.678s] Level 1:colcon.colcon_core.package_identification:_identify(src) by extensions ['ignore', 'ignore_ament_install']
[0.678s] Level 1:colcon.colcon_core.package_identification:_identify(src) by extension 'ignore'
[0.678s] Level 1:colcon.colcon_core.package_identification:_identify(src) by extension 'ignore_ament_install'
[0.679s] Level 1:colcon.colcon_core.package_identification:_identify(src) by extensions ['colcon_pkg']
[0.679s] Level 1:colcon.colcon_core.package_identification:_identify(src) by extension 'colcon_pkg'
[0.679s] Level 1:colcon.colcon_core.package_identification:_identify(src) by extensions ['colcon_meta']
[0.679s] Level 1:colcon.colcon_core.package_identification:_identify(src) by extension 'colcon_meta'
[0.679s] Level 1:colcon.colcon_core.package_identification:_identify(src) by extensions ['ros']
[0.679s] Level 1:colcon.colcon_core.package_identification:_identify(src) by extension 'ros'
[0.679s] Level 1:colcon.colcon_core.package_identification:_identify(src) by extensions ['cmake', 'python']
[0.679s] Level 1:colcon.colcon_core.package_identification:_identify(src) by extension 'cmake'
[0.679s] Level 1:colcon.colcon_core.package_identification:_identify(src) by extension 'python'
[0.679s] Level 1:colcon.colcon_core.package_identification:_identify(src) by extensions ['python_setup_py']
[0.679s] Level 1:colcon.colcon_core.package_identification:_identify(src) by extension 'python_setup_py'
[0.679s] Level 1:colcon.colcon_core.package_identification:_identify(src/original_server) by extensions ['ignore', 'ignore_ament_install']
[0.679s] Level 1:colcon.colcon_core.package_identification:_identify(src/original_server) by extension 'ignore'
[0.680s] Level 1:colcon.colcon_core.package_identification:_identify(src/original_server) by extension 'ignore_ament_install'
[0.680s] Level 1:colcon.colcon_core.package_identification:_identify(src/original_server) by extensions ['colcon_pkg']
[0.680s] Level 1:colcon.colcon_core.package_identification:_identify(src/original_server) by extension 'colcon_pkg'
[0.680s] Level 1:colcon.colcon_core.package_identification:_identify(src/original_server) by extensions ['colcon_meta']
[0.680s] Level 1:colcon.colcon_core.package_identification:_identify(src/original_server) by extension 'colcon_meta'
[0.680s] Level 1:colcon.colcon_core.package_identification:_identify(src/original_server) by extensions ['ros']
[0.680s] Level 1:colcon.colcon_core.package_identification:_identify(src/original_server) by extension 'ros'
[0.684s] DEBUG:colcon.colcon_core.package_identification:Package 'src/original_server' with type 'ros.ament_python' and name 'original_server'
[0.685s] Level 1:colcon.colcon_core.package_identification:_identify(src/simple_service) by extensions ['ignore', 'ignore_ament_install']
[0.685s] Level 1:colcon.colcon_core.package_identification:_identify(src/simple_service) by extension 'ignore'
[0.685s] Level 1:colcon.colcon_core.package_identification:_identify(src/simple_service) by extension 'ignore_ament_install'
[0.685s] Level 1:colcon.colcon_core.package_identification:_identify(src/simple_service) by extensions ['colcon_pkg']
[0.685s] Level 1:colcon.colcon_core.package_identification:_identify(src/simple_service) by extension 'colcon_pkg'
[0.685s] Level 1:colcon.colcon_core.package_identification:_identify(src/simple_service) by extensions ['colcon_meta']
[0.685s] Level 1:colcon.colcon_core.package_identification:_identify(src/simple_service) by extension 'colcon_meta'
[0.685s] Level 1:colcon.colcon_core.package_identification:_identify(src/simple_service) by extensions ['ros']
[0.685s] Level 1:colcon.colcon_core.package_identification:_identify(src/simple_service) by extension 'ros'
[0.687s] DEBUG:colcon.colcon_core.package_identification:Package 'src/simple_service' with type 'ros.ament_python' and name 'simple_service'
[0.687s] Level 1:colcon.colcon_core.package_identification:_identify(src/state) by extensions ['ignore', 'ignore_ament_install']
[0.687s] Level 1:colcon.colcon_core.package_identification:_identify(src/state) by extension 'ignore'
[0.688s] Level 1:colcon.colcon_core.package_identification:_identify(src/state) by extension 'ignore_ament_install'
[0.688s] Level 1:colcon.colcon_core.package_identification:_identify(src/state) by extensions ['colcon_pkg']
[0.688s] Level 1:colcon.colcon_core.package_identification:_identify(src/state) by extension 'colcon_pkg'
[0.688s] Level 1:colcon.colcon_core.package_identification:_identify(src/state) by extensions ['colcon_meta']
[0.688s] Level 1:colcon.colcon_core.package_identification:_identify(src/state) by extension 'colcon_meta'
[0.688s] Level 1:colcon.colcon_core.package_identification:_identify(src/state) by extensions ['ros']
[0.688s] Level 1:colcon.colcon_core.package_identification:_identify(src/state) by extension 'ros'
[0.689s] DEBUG:colcon.colcon_core.package_identification:Package 'src/state' with type 'ros.ament_python' and name 'state'
[0.689s] Level 1:colcon.colcon_core.package_discovery:discover_packages(recursive) using defaults
[0.689s] Level 1:colcon.colcon_core.package_discovery:discover_packages(ignore) discover
[0.689s] Level 1:colcon.colcon_core.package_discovery:discover_packages(ignore) using defaults
[0.689s] Level 1:colcon.colcon_core.package_discovery:discover_packages(path) discover
[0.689s] Level 1:colcon.colcon_core.package_discovery:discover_packages(path) using defaults
[0.738s] Level 1:colcon.colcon_core.package_discovery:discover_packages(prefix_path) check parameters
[0.738s] Level 1:colcon.colcon_core.package_discovery:discover_packages(prefix_path) discover
[0.742s] DEBUG:colcon.colcon_installed_package_information.package_discovery:Found 4 installed packages in /home/ubuntu/test_ws/install
[0.744s] DEBUG:colcon.colcon_installed_package_information.package_discovery:Found 4 installed packages in /home/ubuntu/ros2_ws/install
[0.747s] DEBUG:colcon.colcon_installed_package_information.package_discovery:Found 298 installed packages in /opt/ros/humble
[0.750s] Level 1:colcon.colcon_core.package_discovery:discover_packages(prefix_path) using defaults
[0.858s] Level 5:colcon.colcon_core.verb:set package 'original_server' build argument 'cmake_args' from command line to 'None'
[0.858s] Level 5:colcon.colcon_core.verb:set package 'original_server' build argument 'cmake_target' from command line to 'None'
[0.858s] Level 5:colcon.colcon_core.verb:set package 'original_server' build argument 'cmake_target_skip_unavailable' from command line to 'False'
[0.858s] Level 5:colcon.colcon_core.verb:set package 'original_server' build argument 'cmake_clean_cache' from command line to 'False'
[0.858s] Level 5:colcon.colcon_core.verb:set package 'original_server' build argument 'cmake_clean_first' from command line to 'False'
[0.858s] Level 5:colcon.colcon_core.verb:set package 'original_server' build argument 'cmake_force_configure' from command line to 'False'
[0.858s] Level 5:colcon.colcon_core.verb:set package 'original_server' build argument 'ament_cmake_args' from command line to 'None'
[0.858s] Level 5:colcon.colcon_core.verb:set package 'original_server' build argument 'catkin_cmake_args' from command line to 'None'
[0.858s] Level 5:colcon.colcon_core.verb:set package 'original_server' build argument 'catkin_skip_building_tests' from command line to 'False'
[0.858s] DEBUG:colcon.colcon_core.verb:Building package 'original_server' with the following arguments: {'ament_cmake_args': None, 'build_base': '/home/ubuntu/test_ws/build/original_server', 'catkin_cmake_args': None, 'catkin_skip_building_tests': False, 'cmake_args': None, 'cmake_clean_cache': False, 'cmake_clean_first': False, 'cmake_force_configure': False, 'cmake_target': None, 'cmake_target_skip_unavailable': False, 'install_base': '/home/ubuntu/test_ws/install/original_server', 'merge_install': False, 'path': '/home/ubuntu/test_ws/src/original_server', 'symlink_install': True, 'test_result_base': None}
[0.860s] Level 5:colcon.colcon_core.verb:set package 'simple_service' build argument 'cmake_args' from command line to 'None'
[0.860s] Level 5:colcon.colcon_core.verb:set package 'simple_service' build argument 'cmake_target' from command line to 'None'
[0.860s] Level 5:colcon.colcon_core.verb:set package 'simple_service' build argument 'cmake_target_skip_unavailable' from command line to 'False'
[0.860s] Level 5:colcon.colcon_core.verb:set package 'simple_service' build argument 'cmake_clean_cache' from command line to 'False'
[0.860s] Level 5:colcon.colcon_core.verb:set package 'simple_service' build argument 'cmake_clean_first' from command line to 'False'
[0.860s] Level 5:colcon.colcon_core.verb:set package 'simple_service' build argument 'cmake_force_configure' from command line to 'False'
[0.860s] Level 5:colcon.colcon_core.verb:set package 'simple_service' build argument 'ament_cmake_args' from command line to 'None'
[0.860s] Level 5:colcon.colcon_core.verb:set package 'simple_service' build argument 'catkin_cmake_args' from command line to 'None'
[0.860s] Level 5:colcon.colcon_core.verb:set package 'simple_service' build argument 'catkin_skip_building_tests' from command line to 'False'
[0.860s] DEBUG:colcon.colcon_core.verb:Building package 'simple_service' with the following arguments: {'ament_cmake_args': None, 'build_base': '/home/ubuntu/test_ws/build/simple_service', 'catkin_cmake_args': None, 'catkin_skip_building_tests': False, 'cmake_args': None, 'cmake_clean_cache': False, 'cmake_clean_first': False, 'cmake_force_configure': False, 'cmake_target': None, 'cmake_target_skip_unavailable': False, 'install_base': '/home/ubuntu/test_ws/install/simple_service', 'merge_install': False, 'path': '/home/ubuntu/test_ws/src/simple_service', 'symlink_install': True, 'test_result_base': None}
[0.861s] Level 5:colcon.colcon_core.verb:set package 'state' build argument 'cmake_args' from command line to 'None'
[0.862s] Level 5:colcon.colcon_core.verb:set package 'state' build argument 'cmake_target' from command line to 'None'
[0.862s] Level 5:colcon.colcon_core.verb:set package 'state' build argument 'cmake_target_skip_unavailable' from command line to 'False'
[0.862s] Level 5:colcon.colcon_core.verb:set package 'state' build argument 'cmake_clean_cache' from command line to 'False'
[0.862s] Level 5:colcon.colcon_core.verb:set package 'state' build argument 'cmake_clean_first' from command line to 'False'
[0.862s] Level 5:colcon.colcon_core.verb:set package 'state' build argument 'cmake_force_configure' from command line to 'False'
[0.862s] Level 5:colcon.colcon_core.verb:set package 'state' build argument 'ament_cmake_args' from command line to 'None'
[0.862s] Level 5:colcon.colcon_core.verb:set package 'state' build argument 'catkin_cmake_args' from command line to 'None'
[0.862s] Level 5:colcon.colcon_core.verb:set package 'state' build argument 'catkin_skip_building_tests' from command line to 'False'
[0.862s] DEBUG:colcon.colcon_core.verb:Building package 'state' with the following arguments: {'ament_cmake_args': None, 'build_base': '/home/ubuntu/test_ws/build/state', 'catkin_cmake_args': None, 'catkin_skip_building_tests': False, 'cmake_args': None, 'cmake_clean_cache': False, 'cmake_clean_first': False, 'cmake_force_configure': False, 'cmake_target': None, 'cmake_target_skip_unavailable': False, 'install_base': '/home/ubuntu/test_ws/install/state', 'merge_install': False, 'path': '/home/ubuntu/test_ws/src/state', 'symlink_install': True, 'test_result_base': None}
[0.863s] INFO:colcon.colcon_core.executor:Executing jobs using 'parallel' executor
[0.869s] DEBUG:colcon.colcon_parallel_executor.executor.parallel:run_until_complete
[0.869s] INFO:colcon.colcon_ros.task.ament_python.build:Building ROS package in '/home/ubuntu/test_ws/src/original_server' with build type 'ament_python'
[0.870s] Level 1:colcon.colcon_core.shell:create_environment_hook('original_server', 'ament_prefix_path')
[0.878s] INFO:colcon.colcon_core.plugin_system:Skipping extension 'colcon_core.shell.bat': Not used on non-Windows systems
[0.879s] INFO:colcon.colcon_core.shell:Creating environment hook '/home/ubuntu/test_ws/install/original_server/share/original_server/hook/ament_prefix_path.ps1'
[0.880s] INFO:colcon.colcon_core.shell:Creating environment descriptor '/home/ubuntu/test_ws/install/original_server/share/original_server/hook/ament_prefix_path.dsv'
[0.881s] INFO:colcon.colcon_core.shell:Creating environment hook '/home/ubuntu/test_ws/install/original_server/share/original_server/hook/ament_prefix_path.sh'
[0.885s] INFO:colcon.colcon_core.shell:Skip shell extension 'powershell' for command environment: Not usable outside of PowerShell
[0.885s] DEBUG:colcon.colcon_core.shell:Skip shell extension 'dsv' for command environment
[0.898s] INFO:colcon.colcon_ros.task.ament_python.build:Building ROS package in '/home/ubuntu/test_ws/src/simple_service' with build type 'ament_python'
[0.898s] Level 1:colcon.colcon_core.shell:create_environment_hook('simple_service', 'ament_prefix_path')
[0.900s] INFO:colcon.colcon_core.shell:Creating environment hook '/home/ubuntu/test_ws/install/simple_service/share/simple_service/hook/ament_prefix_path.ps1'
[0.902s] INFO:colcon.colcon_core.shell:Creating environment descriptor '/home/ubuntu/test_ws/install/simple_service/share/simple_service/hook/ament_prefix_path.dsv'
[0.902s] INFO:colcon.colcon_core.shell:Creating environment hook '/home/ubuntu/test_ws/install/simple_service/share/simple_service/hook/ament_prefix_path.sh'
[0.906s] INFO:colcon.colcon_core.shell:Skip shell extension 'powershell' for command environment: Not usable outside of PowerShell
[0.906s] DEBUG:colcon.colcon_core.shell:Skip shell extension 'dsv' for command environment
[0.916s] INFO:colcon.colcon_ros.task.ament_python.build:Building ROS package in '/home/ubuntu/test_ws/src/state' with build type 'ament_python'
[0.917s] Level 1:colcon.colcon_core.shell:create_environment_hook('state', 'ament_prefix_path')
[0.919s] INFO:colcon.colcon_core.shell:Creating environment hook '/home/ubuntu/test_ws/install/state/share/state/hook/ament_prefix_path.ps1'
[0.921s] INFO:colcon.colcon_core.shell:Creating environment descriptor '/home/ubuntu/test_ws/install/state/share/state/hook/ament_prefix_path.dsv'
[0.921s] INFO:colcon.colcon_core.shell:Creating environment hook '/home/ubuntu/test_ws/install/state/share/state/hook/ament_prefix_path.sh'
[0.924s] INFO:colcon.colcon_core.shell:Skip shell extension 'powershell' for command environment: Not usable outside of PowerShell
[0.924s] DEBUG:colcon.colcon_core.shell:Skip shell extension 'dsv' for command environment
[1.429s] INFO:colcon.colcon_core.task.python.build:Building Python package in '/home/ubuntu/test_ws/src/original_server'
[1.431s] INFO:colcon.colcon_core.shell:Skip shell extension 'powershell' for command environment: Not usable outside of PowerShell
[1.432s] DEBUG:colcon.colcon_core.shell:Skip shell extension 'dsv' for command environment
[1.905s] INFO:colcon.colcon_core.task.python.build:Building Python package in '/home/ubuntu/test_ws/src/simple_service'
[1.908s] INFO:colcon.colcon_core.shell:Skip shell extension 'powershell' for command environment: Not usable outside of PowerShell
[1.908s] DEBUG:colcon.colcon_core.shell:Skip shell extension 'dsv' for command environment
[2.374s] INFO:colcon.colcon_core.task.python.build:Building Python package in '/home/ubuntu/test_ws/src/state'
[2.377s] INFO:colcon.colcon_core.shell:Skip shell extension 'powershell' for command environment: Not usable outside of PowerShell
[2.377s] DEBUG:colcon.colcon_core.shell:Skip shell extension 'dsv' for command environment
[3.070s] DEBUG:colcon.colcon_core.event_handler.log_command:Invoking command in '/home/ubuntu/test_ws/build/state': PYTHONPATH=/home/ubuntu/test_ws/build/state/prefix_override:/home/ubuntu/test_ws/install/state/lib/python3.10/site-packages:${PYTHONPATH} /usr/bin/python3 setup.py develop --editable --build-directory /home/ubuntu/test_ws/build/state/build --no-deps install_data
[3.089s] DEBUG:colcon.colcon_core.event_handler.log_command:Invoking command in '/home/ubuntu/test_ws/build/original_server': PYTHONPATH=/home/ubuntu/test_ws/build/original_server/prefix_override:/home/ubuntu/test_ws/install/original_server/lib/python3.10/site-packages:${PYTHONPATH} /usr/bin/python3 setup.py develop --editable --build-directory /home/ubuntu/test_ws/build/original_server/build --no-deps install_data
[3.096s] DEBUG:colcon.colcon_core.event_handler.log_command:Invoking command in '/home/ubuntu/test_ws/build/simple_service': PYTHONPATH=/home/ubuntu/test_ws/build/simple_service/prefix_override:/home/ubuntu/test_ws/install/simple_service/lib/python3.10/site-packages:${PYTHONPATH} /usr/bin/python3 setup.py develop --editable --build-directory /home/ubuntu/test_ws/build/simple_service/build --no-deps install_data
[4.005s] Level 1:colcon.colcon_core.shell:create_environment_hook('state', 'pythonpath_develop')
[4.006s] DEBUG:colcon.colcon_core.event_handler.log_command:Invoked command in '/home/ubuntu/test_ws/build/state' returned '0': PYTHONPATH=/home/ubuntu/test_ws/build/state/prefix_override:/home/ubuntu/test_ws/install/state/lib/python3.10/site-packages:${PYTHONPATH} /usr/bin/python3 setup.py develop --editable --build-directory /home/ubuntu/test_ws/build/state/build --no-deps install_data
[4.009s] INFO:colcon.colcon_core.shell:Creating environment hook '/home/ubuntu/test_ws/build/state/share/state/hook/pythonpath_develop.ps1'
[4.010s] INFO:colcon.colcon_core.shell:Creating environment descriptor '/home/ubuntu/test_ws/build/state/share/state/hook/pythonpath_develop.dsv'
[4.011s] INFO:colcon.colcon_core.shell:Creating environment hook '/home/ubuntu/test_ws/build/state/share/state/hook/pythonpath_develop.sh'
[4.021s] Level 1:colcon.colcon_core.environment:checking '/home/ubuntu/test_ws/install/state' for CMake module files
[4.022s] Level 1:colcon.colcon_core.environment:checking '/home/ubuntu/test_ws/install/state' for CMake config files
[4.023s] Level 1:colcon.colcon_core.environment:checking '/home/ubuntu/test_ws/install/state/lib'
[4.024s] Level 1:colcon.colcon_core.environment:checking '/home/ubuntu/test_ws/install/state/bin'
[4.024s] Level 1:colcon.colcon_core.environment:checking '/home/ubuntu/test_ws/install/state/lib/pkgconfig/state.pc'
[4.025s] Level 1:colcon.colcon_core.environment:checking '/home/ubuntu/test_ws/install/state/lib/python3.10/site-packages'
[4.025s] Level 1:colcon.colcon_core.shell:create_environment_hook('state', 'pythonpath')
[4.028s] INFO:colcon.colcon_core.shell:Creating environment hook '/home/ubuntu/test_ws/install/state/share/state/hook/pythonpath.ps1'
[4.029s] INFO:colcon.colcon_core.shell:Creating environment descriptor '/home/ubuntu/test_ws/install/state/share/state/hook/pythonpath.dsv'
[4.030s] INFO:colcon.colcon_core.shell:Creating environment hook '/home/ubuntu/test_ws/install/state/share/state/hook/pythonpath.sh'
[4.031s] Level 1:colcon.colcon_core.environment:checking '/home/ubuntu/test_ws/install/state/bin'
[4.032s] Level 1:colcon.colcon_core.environment:create_environment_scripts_only(state)
[4.036s] INFO:colcon.colcon_core.shell:Creating package script '/home/ubuntu/test_ws/install/state/share/state/package.ps1'
[4.037s] INFO:colcon.colcon_core.shell:Creating package descriptor '/home/ubuntu/test_ws/install/state/share/state/package.dsv'
[4.038s] INFO:colcon.colcon_core.shell:Creating package script '/home/ubuntu/test_ws/install/state/share/state/package.sh'
[4.039s] INFO:colcon.colcon_core.shell:Creating package script '/home/ubuntu/test_ws/install/state/share/state/package.bash'
[4.040s] INFO:colcon.colcon_core.shell:Creating package script '/home/ubuntu/test_ws/install/state/share/state/package.zsh'
[4.042s] Level 1:colcon.colcon_core.environment:create_file_with_runtime_dependencies(/home/ubuntu/test_ws/install/state/share/colcon-core/packages/state)
[4.050s] Level 1:colcon.colcon_core.shell:create_environment_hook('original_server', 'pythonpath_develop')
[4.053s] INFO:colcon.colcon_core.shell:Creating environment hook '/home/ubuntu/test_ws/build/original_server/share/original_server/hook/pythonpath_develop.ps1'
[4.055s] DEBUG:colcon.colcon_core.event_handler.log_command:Invoked command in '/home/ubuntu/test_ws/build/original_server' returned '0': PYTHONPATH=/home/ubuntu/test_ws/build/original_server/prefix_override:/home/ubuntu/test_ws/install/original_server/lib/python3.10/site-packages:${PYTHONPATH} /usr/bin/python3 setup.py develop --editable --build-directory /home/ubuntu/test_ws/build/original_server/build --no-deps install_data
[4.055s] INFO:colcon.colcon_core.shell:Creating environment descriptor '/home/ubuntu/test_ws/build/original_server/share/original_server/hook/pythonpath_develop.dsv'
[4.056s] INFO:colcon.colcon_core.shell:Creating environment hook '/home/ubuntu/test_ws/build/original_server/share/original_server/hook/pythonpath_develop.sh'
[4.059s] Level 1:colcon.colcon_core.environment:checking '/home/ubuntu/test_ws/install/original_server' for CMake module files
[4.060s] Level 1:colcon.colcon_core.environment:checking '/home/ubuntu/test_ws/install/original_server' for CMake config files
[4.061s] Level 1:colcon.colcon_core.environment:checking '/home/ubuntu/test_ws/install/original_server/lib'
[4.061s] Level 1:colcon.colcon_core.environment:checking '/home/ubuntu/test_ws/install/original_server/bin'
[4.061s] Level 1:colcon.colcon_core.environment:checking '/home/ubuntu/test_ws/install/original_server/lib/pkgconfig/original_server.pc'
[4.062s] Level 1:colcon.colcon_core.environment:checking '/home/ubuntu/test_ws/install/original_server/lib/python3.10/site-packages'
[4.062s] Level 1:colcon.colcon_core.shell:create_environment_hook('original_server', 'pythonpath')
[4.064s] INFO:colcon.colcon_core.shell:Creating environment hook '/home/ubuntu/test_ws/install/original_server/share/original_server/hook/pythonpath.ps1'
[4.065s] INFO:colcon.colcon_core.shell:Creating environment descriptor '/home/ubuntu/test_ws/install/original_server/share/original_server/hook/pythonpath.dsv'
[4.066s] INFO:colcon.colcon_core.shell:Creating environment hook '/home/ubuntu/test_ws/install/original_server/share/original_server/hook/pythonpath.sh'
[4.067s] Level 1:colcon.colcon_core.environment:checking '/home/ubuntu/test_ws/install/original_server/bin'
[4.068s] Level 1:colcon.colcon_core.environment:create_environment_scripts_only(original_server)
[4.071s] INFO:colcon.colcon_core.shell:Creating package script '/home/ubuntu/test_ws/install/original_server/share/original_server/package.ps1'
[4.074s] INFO:colcon.colcon_core.shell:Creating package descriptor '/home/ubuntu/test_ws/install/original_server/share/original_server/package.dsv'
[4.074s] INFO:colcon.colcon_core.shell:Creating package script '/home/ubuntu/test_ws/install/original_server/share/original_server/package.sh'
[4.075s] INFO:colcon.colcon_core.shell:Creating package script '/home/ubuntu/test_ws/install/original_server/share/original_server/package.bash'
[4.076s] INFO:colcon.colcon_core.shell:Creating package script '/home/ubuntu/test_ws/install/original_server/share/original_server/package.zsh'
[4.077s] Level 1:colcon.colcon_core.environment:create_file_with_runtime_dependencies(/home/ubuntu/test_ws/install/original_server/share/colcon-core/packages/original_server)
[4.079s] Level 1:colcon.colcon_core.shell:create_environment_hook('simple_service', 'pythonpath_develop')
[4.082s] INFO:colcon.colcon_core.shell:Creating environment hook '/home/ubuntu/test_ws/build/simple_service/share/simple_service/hook/pythonpath_develop.ps1'
[4.084s] DEBUG:colcon.colcon_core.event_handler.log_command:Invoked command in '/home/ubuntu/test_ws/build/simple_service' returned '0': PYTHONPATH=/home/ubuntu/test_ws/build/simple_service/prefix_override:/home/ubuntu/test_ws/install/simple_service/lib/python3.10/site-packages:${PYTHONPATH} /usr/bin/python3 setup.py develop --editable --build-directory /home/ubuntu/test_ws/build/simple_service/build --no-deps install_data
[4.085s] INFO:colcon.colcon_core.shell:Creating environment descriptor '/home/ubuntu/test_ws/build/simple_service/share/simple_service/hook/pythonpath_develop.dsv'
[4.087s] INFO:colcon.colcon_core.shell:Creating environment hook '/home/ubuntu/test_ws/build/simple_service/share/simple_service/hook/pythonpath_develop.sh'
[4.094s] Level 1:colcon.colcon_core.environment:checking '/home/ubuntu/test_ws/install/simple_service' for CMake module files
[4.096s] Level 1:colcon.colcon_core.environment:checking '/home/ubuntu/test_ws/install/simple_service' for CMake config files
[4.097s] Level 1:colcon.colcon_core.environment:checking '/home/ubuntu/test_ws/install/simple_service/lib'
[4.097s] Level 1:colcon.colcon_core.environment:checking '/home/ubuntu/test_ws/install/simple_service/bin'
[4.097s] Level 1:colcon.colcon_core.environment:checking '/home/ubuntu/test_ws/install/simple_service/lib/pkgconfig/simple_service.pc'
[4.098s] Level 1:colcon.colcon_core.environment:checking '/home/ubuntu/test_ws/install/simple_service/lib/python3.10/site-packages'
[4.098s] Level 1:colcon.colcon_core.shell:create_environment_hook('simple_service', 'pythonpath')
[4.100s] INFO:colcon.colcon_core.shell:Creating environment hook '/home/ubuntu/test_ws/install/simple_service/share/simple_service/hook/pythonpath.ps1'
[4.101s] INFO:colcon.colcon_core.shell:Creating environment descriptor '/home/ubuntu/test_ws/install/simple_service/share/simple_service/hook/pythonpath.dsv'
[4.101s] INFO:colcon.colcon_core.shell:Creating environment hook '/home/ubuntu/test_ws/install/simple_service/share/simple_service/hook/pythonpath.sh'
[4.103s] Level 1:colcon.colcon_core.environment:checking '/home/ubuntu/test_ws/install/simple_service/bin'
[4.104s] Level 1:colcon.colcon_core.environment:create_environment_scripts_only(simple_service)
[4.107s] INFO:colcon.colcon_core.shell:Creating package script '/home/ubuntu/test_ws/install/simple_service/share/simple_service/package.ps1'
[4.108s] INFO:colcon.colcon_core.shell:Creating package descriptor '/home/ubuntu/test_ws/install/simple_service/share/simple_service/package.dsv'
[4.109s] INFO:colcon.colcon_core.shell:Creating package script '/home/ubuntu/test_ws/install/simple_service/share/simple_service/package.sh'
[4.110s] INFO:colcon.colcon_core.shell:Creating package script '/home/ubuntu/test_ws/install/simple_service/share/simple_service/package.bash'
[4.111s] INFO:colcon.colcon_core.shell:Creating package script '/home/ubuntu/test_ws/install/simple_service/share/simple_service/package.zsh'
[4.112s] Level 1:colcon.colcon_core.environment:create_file_with_runtime_dependencies(/home/ubuntu/test_ws/install/simple_service/share/colcon-core/packages/simple_service)
[4.112s] DEBUG:colcon.colcon_parallel_executor.executor.parallel:closing loop
[4.114s] DEBUG:colcon.colcon_parallel_executor.executor.parallel:loop closed
[4.114s] DEBUG:colcon.colcon_parallel_executor.executor.parallel:run_until_complete finished with '0'
[4.114s] DEBUG:colcon.colcon_core.event_reactor:joining thread
[4.129s] INFO:colcon.colcon_core.plugin_system:Skipping extension 'colcon_notification.desktop_notification.terminal_notifier': Not used on non-Darwin systems
[4.130s] INFO:colcon.colcon_core.plugin_system:Skipping extension 'colcon_notification.desktop_notification.win32': Not used on non-Windows systems
[4.130s] INFO:colcon.colcon_notification.desktop_notification:Sending desktop notification using 'notify2'
[4.472s] DEBUG:colcon.colcon_core.event_reactor:joined thread
[4.476s] INFO:colcon.colcon_core.shell:Creating prefix script '/home/ubuntu/test_ws/install/local_setup.ps1'
[4.477s] INFO:colcon.colcon_core.shell:Creating prefix util module '/home/ubuntu/test_ws/install/_local_setup_util_ps1.py'
[4.479s] INFO:colcon.colcon_core.shell:Creating prefix chain script '/home/ubuntu/test_ws/install/setup.ps1'
[4.482s] INFO:colcon.colcon_core.shell:Creating prefix script '/home/ubuntu/test_ws/install/local_setup.sh'
[4.483s] INFO:colcon.colcon_core.shell:Creating prefix util module '/home/ubuntu/test_ws/install/_local_setup_util_sh.py'
[4.484s] INFO:colcon.colcon_core.shell:Creating prefix chain script '/home/ubuntu/test_ws/install/setup.sh'
[4.488s] INFO:colcon.colcon_core.shell:Creating prefix script '/home/ubuntu/test_ws/install/local_setup.bash'
[4.489s] INFO:colcon.colcon_core.shell:Creating prefix chain script '/home/ubuntu/test_ws/install/setup.bash'
[4.491s] INFO:colcon.colcon_core.shell:Creating prefix script '/home/ubuntu/test_ws/install/local_setup.zsh'
[4.492s] INFO:colcon.colcon_core.shell:Creating prefix chain script '/home/ubuntu/test_ws/install/setup.zsh'
